Reference code info: nt=110    dt=9.057110e-04

******************************************************
Performance results
******************************************************
CPU EXECUTION TIME OF TIME LOOP = 56.6691
Total memory allocation ~ 4271 MBytes
time/test(s)     : 5.666912e+01

MStencil/s : 6.369327  
******************************************************
0.137475
0.202499
0.539470
0.702957
0.539470
0.202499
0.539470
1.145995
1.422745
1.145995
0.539470
0.137475
0.702957
1.422745
1.745096
1.422745
0.702957
0.137475
0.539470
1.145995
1.422745
1.145995
0.539470
0.202499
0.539470
0.702957
0.539470
0.202499
0.137475
0.171719
0.352866
0.428456
0.352866
0.171719
0.270601
0.716727
1.044247
1.129241
1.044247
0.716727
0.270601
0.171719
0.716727
1.238409
1.148020
0.938579
1.148020
1.238409
0.716727
0.171719
0.352866
1.044246
1.148020
1.148020
1.044246
0.352866
0.428456
1.129240
0.938578
0.938578
1.129240
0.428456
0.352866
1.044246
1.148020
1.148020
1.044246
0.352866
0.171719
0.716727
1.238409
1.148020
0.938579
1.148020
1.238409
0.716727
0.171719
0.270601
0.716727
1.044247
1.129241
1.044247
0.716727
0.270601
0.171719
0.352866
0.428456
0.352866
0.171719
0.126993
0.185158
0.189908
0.185158
0.126993
0.154425
0.154425
0.154425
0.154425
0.126993
0.126993
0.185158
0.185158
0.189908
0.189908
0.185158
0.185158
0.126993
0.126993
0.154425
0.154425
0.154425
0.154425
0.126993
0.185158
0.189908
0.185158
0.126993
0.101313
0.101313
0.101313
0.101313
0.101313
0.101313
0.101313
0.101313
0.128134
0.137123
0.128134
4.133312
16.242250
22.580170
16.242250
4.133312
10.568233
51.604366
104.637123
129.095764
104.637123
51.604366
10.568233
4.133316
51.604370
158.525528
276.152802
327.710358
276.152802
158.525528
51.604370
4.133316
0.128134
16.242250
104.637093
276.152740
452.515961
528.144592
452.515961
276.152740
104.637093
16.242250
0.128134
0.137123
22.580160
129.095688
327.710205
528.144714
613.657410
528.144714
327.710205
129.095688
22.580160
0.137123
0.128134
16.242250
104.637093
276.152740
452.515961
528.144592
452.515961
276.152740
104.637093
16.242250
0.128134
4.133316
51.604370
158.525528
276.152802
327.710358
276.152802
158.525528
51.604370
4.133316
10.568233
51.604366
104.637123
129.095764
104.637123
51.604366
10.568233
4.133312
16.242250
22.580170
16.242250
4.133312
0.128134
0.137123
0.128134
0.128134
0.137123
0.128134
0.129008
0.669476
0.129008
2.004126
10.785443
21.970707
26.724033
21.970707
10.785443
2.004126
4.164421
25.170101
60.399254
87.423393
96.817223
87.423393
60.399254
25.170101
4.164421
2.004126
25.170107
79.284744
128.588684
147.677094
154.362411
147.677094
128.588684
79.284744
25.170107
2.004126
10.785445
60.399258
128.588684
156.195038
173.782166
197.022354
173.782166
156.195038
128.588684
60.399258
10.785445
0.128134
0.129008
21.970705
87.423355
147.677017
173.782104
272.733826
363.795776
272.733826
173.782104
147.677017
87.423355
21.970705
0.129008
0.128134
0.137123
0.669477
26.724028
96.817200
154.362549
197.022491
363.795685
501.877930
363.795685
197.022491
154.362549
96.817200
26.724028
0.669477
0.137123
0.128134
0.129008
21.970705
87.423355
147.677017
173.782104
272.733826
363.795776
272.733826
173.782104
147.677017
87.423355
21.970705
0.129008
0.128134
10.785445
60.399258
128.588684
156.195038
173.782166
197.022354
173.782166
156.195038
128.588684
60.399258
10.785445
2.004126
25.170107
79.284744
128.588684
147.677094
154.362411
147.677094
128.588684
79.284744
25.170107
2.004126
4.164421
25.170101
60.399254
87.423393
96.817223
87.423393
60.399254
25.170101
4.164421
2.004126
10.785443
21.970707
26.724033
21.970707
10.785443
2.004126
0.129008
0.669476
0.129008
0.128134
0.137123
0.128134
0.101313
0.101313
0.129008
0.669476
0.129008
1.452408
6.618007
11.426041
12.799719
11.426041
6.618007
1.452408
2.922266
7.907613
7.907613
2.922266
2.922266
6.366575
6.366575
2.922266
1.452407
7.907610
61.406410
877.170593
1440.827271
877.170593
61.406410
7.907610
1.452407
6.618007
61.406609
2082.846436
6241.222656
8652.541016
6241.222656
2082.846436
61.406609
6.618007
0.101313
0.129009
11.426040
877.170837
6241.223145
15662.617188
20828.525391
15662.617188
6241.223145
877.170837
11.426040
0.129009
0.101313
0.669477
12.799710
1440.827637
8652.539062
20828.525391
27404.964844
20828.525391
8652.539062
1440.827637
12.799710
0.669477
0.101313
0.129009
11.426040
877.170837
6241.223145
15662.617188
20828.525391
15662.617188
6241.223145
877.170837
11.426040
0.129009
0.101313
6.618007
61.406609
2082.846436
6241.222656
8652.541016
6241.222656
2082.846436
61.406609
6.618007
1.452407
7.907610
61.406410
877.170593
1440.827271
877.170593
61.406410
7.907610
1.452407
2.922266
6.366575
6.366575
2.922266
2.922266
7.907613
7.907613
2.922266
1.452408
6.618007
11.426041
12.799719
11.426041
6.618007
1.452408
0.129008
0.669476
0.129008
0.101313
0.101313
0.126993
0.185158
0.189908
0.185158
0.126993
2.004126
10.785443
21.970707
26.724033
21.970707
10.785443
2.004126
2.922266
7.907613
7.907613
2.922266
2.053214
32.552895
2.053214
2.922266
165.728134
1962.933105
5516.417480
7563.039062
5516.417480
1962.933105
165.728134
2.922266
2.004127
7.907612
165.728226
4022.531738
17504.304688
38310.613281
49171.332031
38310.613281
17504.304688
4022.531738
165.728226
7.907612
2.004127
0.126993
10.785442
1962.933472
17504.302734
61815.648438
123852.226562
154902.796875
123852.226562
61815.648438
17504.302734
1962.933472
10.785442
0.126993
0.185158
21.970699
5516.417480
38310.605469
123852.203125
238281.640625
294414.968750
238281.640625
123852.203125
38310.605469
5516.417480
21.970699
0.185158
0.189908
26.724016
32.553223
7563.038086
49171.316406
154902.781250
294415.000000
362436.937500
294415.000000
154902.781250
49171.316406
7563.038086
32.553223
26.724016
0.189908
0.185158
21.970699
5516.417480
38310.605469
123852.203125
238281.640625
294414.968750
238281.640625
123852.203125
38310.605469
5516.417480
21.970699
0.185158
0.126993
10.785442
1962.933472
17504.302734
61815.648438
123852.226562
154902.796875
123852.226562
61815.648438
17504.302734
1962.933472
10.785442
0.126993
2.004127
7.907612
165.728226
4022.531738
17504.304688
38310.613281
49171.332031
38310.613281
17504.304688
4022.531738
165.728226
7.907612
2.004127
2.922266
165.728134
1962.933105
5516.417480
7563.039062
5516.417480
1962.933105
165.728134
2.922266
2.053214
32.552895
2.053214
2.922266
7.907613
7.907613
2.922266
2.004126
10.785443
21.970707
26.724033
21.970707
10.785443
2.004126
0.126993
0.185158
0.189908
0.185158
0.126993
0.171719
0.352866
0.428456
0.352866
0.171719
0.154425
0.154425
4.133312
16.242250
22.580170
16.242250
4.133312
4.164421
25.170101
60.399254
87.423393
96.817223
87.423393
60.399254
25.170101
4.164421
2.922266
6.366575
6.366575
2.922266
2.922266
165.728134
1962.933105
5516.417480
7563.039062
5516.417480
1962.933105
165.728134
2.922266
4.164422
6.366573
727.988403
8038.935547
30701.843750
63902.414062
80862.757812
63902.414062
30701.843750
8038.935547
727.988403
6.366573
4.164422
0.154425
25.170107
165.728317
8038.935547
50219.269531
156579.125000
296542.781250
364721.125000
296542.781250
156579.125000
50219.269531
8038.935547
165.728317
25.170107
0.154425
0.171719
4.133313
60.399235
1962.934082
30701.843750
156579.093750
443691.218750
801187.812500
971004.250000
801187.812500
443691.218750
156579.093750
30701.843750
1962.934082
60.399235
4.133313
0.171719
0.352866
16.242247
87.423325
5516.417969
63902.394531
296542.687500
801187.625000
1412067.500000
1698512.000000
1412067.500000
801187.625000
296542.687500
63902.394531
5516.417969
87.423325
16.242247
0.352866
0.428456
22.580164
96.817131
7563.038574
80862.742188
364721.062500
971004.125000
1698512.000000
2038271.375000
1698512.000000
971004.125000
364721.062500
80862.742188
7563.038574
96.817131
22.580164
0.428456
0.352866
16.242247
87.423325
5516.417969
63902.394531
296542.687500
801187.625000
1412067.500000
1698512.000000
1412067.500000
801187.625000
296542.687500
63902.394531
5516.417969
87.423325
16.242247
0.352866
0.171719
4.133313
60.399235
1962.934082
30701.843750
156579.093750
443691.218750
801187.812500
971004.250000
801187.812500
443691.218750
156579.093750
30701.843750
1962.934082
60.399235
4.133313
0.171719
0.154425
25.170107
165.728317
8038.935547
50219.269531
156579.125000
296542.781250
364721.125000
296542.781250
156579.125000
50219.269531
8038.935547
165.728317
25.170107
0.154425
4.164422
6.366573
727.988403
8038.935547
30701.843750
63902.414062
80862.757812
63902.414062
30701.843750
8038.935547
727.988403
6.366573
4.164422
2.922266
165.728134
1962.933105
5516.417480
7563.039062
5516.417480
1962.933105
165.728134
2.922266
2.922266
6.366575
6.366575
2.922266
4.164421
25.170101
60.399254
87.423393
96.817223
87.423393
60.399254
25.170101
4.164421
4.133312
16.242250
22.580170
16.242250
4.133312
0.154425
0.154425
0.171719
0.352866
0.428456
0.352866
0.171719
0.137475
0.270601
0.716727
1.044247
1.129241
1.044247
0.716727
0.270601
0.154425
0.154425
10.568233
51.604366
104.637123
129.095764
104.637123
51.604366
10.568233
2.004126
25.170107
79.284744
128.588684
147.677094
154.362411
147.677094
128.588684
79.284744
25.170107
2.004126
1.452407
7.907610
61.406410
877.170593
1440.827271
877.170593
61.406410
7.907610
1.452407
2.004127
7.907612
165.728226
4022.531738
17504.304688
38310.613281
49171.332031
38310.613281
17504.304688
4022.531738
165.728226
7.907612
2.004127
0.154425
25.170107
165.728317
8038.935547
50219.269531
156579.125000
296542.781250
364721.125000
296542.781250
156579.125000
50219.269531
8038.935547
165.728317
25.170107
0.154425
0.270601
10.568231
79.284729
4022.532227
50219.269531
239826.609375
657892.812500
1168683.375000
1409224.125000
1168683.375000
657892.812500
239826.609375
50219.269531
4022.532227
79.284729
10.568231
0.270601
0.716727
51.604362
128.588623
61.406281
17504.302734
156579.093750
657892.687500
1686362.500000
2892241.250000
3449393.500000
2892241.250000
1686362.500000
657892.687500
156579.093750
17504.302734
61.406281
128.588623
51.604362
0.716727
1.044247
104.637093
147.676834
877.171082
38310.609375
296542.718750
1168683.125000
2892241.000000
4869852.000000
5774426.000000
4869852.000000
2892241.000000
1168683.125000
296542.718750
38310.609375
877.171082
147.676834
104.637093
1.044247
0.137475
1.129240
129.095718
154.362289
1440.826660
49171.324219
364721.125000
1409224.000000
3449393.000000
5774426.000000
6834548.000000
5774426.000000
3449393.000000
1409224.000000
364721.125000
49171.324219
1440.826660
154.362289
129.095718
1.129240
0.137475
1.044247
104.637093
147.676834
877.171082
38310.609375
296542.718750
1168683.125000
2892241.000000
4869852.000000
5774426.000000
4869852.000000
2892241.000000
1168683.125000
296542.718750
38310.609375
877.171082
147.676834
104.637093
1.044247
0.716727
51.604362
128.588623
61.406281
17504.302734
156579.093750
657892.687500
1686362.500000
2892241.250000
3449393.500000
2892241.250000
1686362.500000
657892.687500
156579.093750
17504.302734
61.406281
128.588623
51.604362
0.716727
0.270601
10.568231
79.284729
4022.532227
50219.269531
239826.609375
657892.812500
1168683.375000
1409224.125000
1168683.375000
657892.812500
239826.609375
50219.269531
4022.532227
79.284729
10.568231
0.270601
0.154425
25.170107
165.728317
8038.935547
50219.269531
156579.125000
296542.781250
364721.125000
296542.781250
156579.125000
50219.269531
8038.935547
165.728317
25.170107
0.154425
2.004127
7.907612
165.728226
4022.531738
17504.304688
38310.613281
49171.332031
38310.613281
17504.304688
4022.531738
165.728226
7.907612
2.004127
1.452407
7.907610
61.406410
877.170593
1440.827271
877.170593
61.406410
7.907610
1.452407
2.004126
25.170107
79.284744
128.588684
147.677094
154.362411
147.677094
128.588684
79.284744
25.170107
2.004126
10.568233
51.604366
104.637123
129.095764
104.637123
51.604366
10.568233
0.154425
0.154425
0.270601
0.716727
1.044247
1.129241
1.044247
0.716727
0.270601
0.137475
0.202499
0.539470
0.702957
0.539470
0.202499
0.171719
0.716727
1.238409
1.148020
0.938579
1.148020
1.238409
0.716727
0.171719
0.126993
0.126993
4.133316
51.604370
158.525528
276.152802
327.710358
276.152802
158.525528
51.604370
4.133316
10.785445
60.399258
128.588684
156.195038
173.782166
197.022354
173.782166
156.195038
128.588684
60.399258
10.785445
6.618007
61.406609
2082.846436
6241.222656
8652.541016
6241.222656
2082.846436
61.406609
6.618007
0.126993
10.785442
1962.933472
17504.302734
61815.648438
123852.226562
154902.796875
123852.226562
61815.648438
17504.302734
1962.933472
10.785442
0.126993
0.171719
4.133313
60.399235
1962.934082
30701.843750
156579.093750
443691.218750
801187.812500
971004.250000
801187.812500
443691.218750
156579.093750
30701.843750
1962.934082
60.399235
4.133313
0.171719
0.716727
51.604362
128.588623
61.406281
17504.302734
156579.093750
657892.687500
1686362.500000
2892241.250000
3449393.500000
2892241.250000
1686362.500000
657892.687500
156579.093750
17504.302734
61.406281
128.588623
51.604362
0.716727
0.202499
1.238409
158.525497
156.194672
2082.845947
61815.644531
443691.031250
1686362.125000
4088838.500000
6810208.500000
8047513.500000
6810208.500000
4088838.500000
1686362.125000
443691.031250
61815.644531
2082.845947
156.194672
158.525497
1.238409
0.202499
0.539470
1.148020
276.152588
173.781647
6241.223145
123852.203125
801187.750000
2892241.000000
6810208.500000
11167378.000000
13131452.000000
11167378.000000
6810208.500000
2892241.000000
801187.750000
123852.203125
6241.223145
173.781647
276.152588
1.148020
0.539470
0.702957
0.938578
327.710144
197.022049
8652.537109
154902.781250
971004.250000
3449393.500000
8047513.500000
13131455.000000
15416902.000000
13131455.000000
8047513.500000
3449393.500000
971004.250000
154902.781250
8652.537109
197.022049
327.710144
0.938578
0.702957
0.539470
1.148020
276.152588
173.781647
6241.223145
123852.203125
801187.750000
2892241.000000
6810208.500000
11167378.000000
13131452.000000
11167378.000000
6810208.500000
2892241.000000
801187.750000
123852.203125
6241.223145
173.781647
276.152588
1.148020
0.539470
0.202499
1.238409
158.525497
156.194672
2082.845947
61815.644531
443691.031250
1686362.125000
4088838.500000
6810208.500000
8047513.500000
6810208.500000
4088838.500000
1686362.125000
443691.031250
61815.644531
2082.845947
156.194672
158.525497
1.238409
0.202499
0.716727
51.604362
128.588623
61.406281
17504.302734
156579.093750
657892.687500
1686362.500000
2892241.250000
3449393.500000
2892241.250000
1686362.500000
657892.687500
156579.093750
17504.302734
61.406281
128.588623
51.604362
0.716727
0.171719
4.133313
60.399235
1962.934082
30701.843750
156579.093750
443691.218750
801187.812500
971004.250000
801187.812500
443691.218750
156579.093750
30701.843750
1962.934082
60.399235
4.133313
0.171719
0.126993
10.785442
1962.933472
17504.302734
61815.648438
123852.226562
154902.796875
123852.226562
61815.648438
17504.302734
1962.933472
10.785442
0.126993
6.618007
61.406609
2082.846436
6241.222656
8652.541016
6241.222656
2082.846436
61.406609
6.618007
10.785445
60.399258
128.588684
156.195038
173.782166
197.022354
173.782166
156.195038
128.588684
60.399258
10.785445
4.133316
51.604370
158.525528
276.152802
327.710358
276.152802
158.525528
51.604370
4.133316
0.126993
0.126993
0.171719
0.716727
1.238409
1.148020
0.938579
1.148020
1.238409
0.716727
0.171719
0.202499
0.539470
0.702957
0.539470
0.202499
0.539470
1.145995
1.422745
1.145995
0.539470
0.352866
1.044246
1.148020
1.148020
1.044246
0.352866
0.185158
0.185158
0.101313
0.101313
0.128134
16.242250
104.637093
276.152740
452.515961
528.144592
452.515961
276.152740
104.637093
16.242250
0.128134
0.128134
0.129008
21.970705
87.423355
147.677017
173.782104
272.733826
363.795776
272.733826
173.782104
147.677017
87.423355
21.970705
0.129008
0.128134
0.101313
0.129009
11.426040
877.170837
6241.223145
15662.617188
20828.525391
15662.617188
6241.223145
877.170837
11.426040
0.129009
0.101313
0.185158
21.970699
5516.417480
38310.605469
123852.203125
238281.640625
294414.968750
238281.640625
123852.203125
38310.605469
5516.417480
21.970699
0.185158
0.352866
16.242247
87.423325
5516.417969
63902.394531
296542.687500
801187.625000
1412067.500000
1698512.000000
1412067.500000
801187.625000
296542.687500
63902.394531
5516.417969
87.423325
16.242247
0.352866
1.044247
104.637093
147.676834
877.171082
38310.609375
296542.718750
1168683.125000
2892241.000000
4869852.000000
5774426.000000
4869852.000000
2892241.000000
1168683.125000
296542.718750
38310.609375
877.171082
147.676834
104.637093
1.044247
0.539470
1.148020
276.152588
173.781647
6241.223145
123852.203125
801187.750000
2892241.000000
6810208.500000
11167378.000000
13131452.000000
11167378.000000
6810208.500000
2892241.000000
801187.750000
123852.203125
6241.223145
173.781647
276.152588
1.148020
0.539470
1.145995
452.515686
272.733368
15662.615234
238281.625000
1412067.500000
4869852.000000
11167376.000000
18054328.000000
21134400.000000
18054328.000000
11167376.000000
4869852.000000
1412067.500000
238281.625000
15662.615234
272.733368
452.515686
1.145995
1.422745
528.144348
363.794922
20828.515625
294414.968750
1698512.125000
5774426.000000
13131455.000000
21134402.000000
24704656.000000
21134402.000000
13131455.000000
5774426.000000
1698512.125000
294414.968750
20828.515625
363.794922
528.144348
1.422745
1.145995
452.515686
272.733368
15662.615234
238281.625000
1412067.500000
4869852.000000
11167376.000000
18054328.000000
21134400.000000
18054328.000000
11167376.000000
4869852.000000
1412067.500000
238281.625000
15662.615234
272.733368
452.515686
1.145995
0.539470
1.148020
276.152588
173.781647
6241.223145
123852.203125
801187.750000
2892241.000000
6810208.500000
11167378.000000
13131452.000000
11167378.000000
6810208.500000
2892241.000000
801187.750000
123852.203125
6241.223145
173.781647
276.152588
1.148020
0.539470
1.044247
104.637093
147.676834
877.171082
38310.609375
296542.718750
1168683.125000
2892241.000000
4869852.000000
5774426.000000
4869852.000000
2892241.000000
1168683.125000
296542.718750
38310.609375
877.171082
147.676834
104.637093
1.044247
0.352866
16.242247
87.423325
5516.417969
63902.394531
296542.687500
801187.625000
1412067.500000
1698512.000000
1412067.500000
801187.625000
296542.687500
63902.394531
5516.417969
87.423325
16.242247
0.352866
0.185158
21.970699
5516.417480
38310.605469
123852.203125
238281.640625
294414.968750
238281.640625
123852.203125
38310.605469
5516.417480
21.970699
0.185158
0.101313
0.129009
11.426040
877.170837
6241.223145
15662.617188
20828.525391
15662.617188
6241.223145
877.170837
11.426040
0.129009
0.101313
0.128134
0.129008
21.970705
87.423355
147.677017
173.782104
272.733826
363.795776
272.733826
173.782104
147.677017
87.423355
21.970705
0.129008
0.128134
0.128134
16.242250
104.637093
276.152740
452.515961
528.144592
452.515961
276.152740
104.637093
16.242250
0.128134
0.101313
0.101313
0.185158
0.185158
0.352866
1.044246
1.148020
1.148020
1.044246
0.352866
0.539470
1.145995
1.422745
1.145995
0.539470
0.137475
0.702957
1.422745
1.745096
1.422745
0.702957
0.137475
0.428456
1.129240
0.938578
0.938578
1.129240
0.428456
0.189908
0.189908
0.137123
22.580160
129.095688
327.710205
528.144714
613.657410
528.144714
327.710205
129.095688
22.580160
0.137123
0.137123
0.669477
26.724028
96.817200
154.362549
197.022491
363.795685
501.877930
363.795685
197.022491
154.362549
96.817200
26.724028
0.669477
0.137123
0.669477
12.799710
1440.827637
8652.539062
20828.525391
27404.964844
20828.525391
8652.539062
1440.827637
12.799710
0.669477
0.189908
26.724016
32.553223
7563.038086
49171.316406
154902.781250
294415.000000
362436.937500
294415.000000
154902.781250
49171.316406
7563.038086
32.553223
26.724016
0.189908
0.428456
22.580164
96.817131
7563.038574
80862.742188
364721.062500
971004.125000
1698512.000000
2038271.375000
1698512.000000
971004.125000
364721.062500
80862.742188
7563.038574
96.817131
22.580164
0.428456
0.137475
1.129240
129.095718
154.362289
1440.826660
49171.324219
364721.125000
1409224.000000
3449393.000000
5774426.000000
6834548.000000
5774426.000000
3449393.000000
1409224.000000
364721.125000
49171.324219
1440.826660
154.362289
129.095718
1.129240
0.137475
0.702957
0.938578
327.710144
197.022049
8652.537109
154902.781250
971004.250000
3449393.500000
8047513.500000
13131455.000000
15416902.000000
13131455.000000
8047513.500000
3449393.500000
971004.250000
154902.781250
8652.537109
197.022049
327.710144
0.938578
0.702957
1.422745
528.144348
363.794922
20828.515625
294414.968750
1698512.125000
5774426.000000
13131455.000000
21134402.000000
24704656.000000
21134402.000000
13131455.000000
5774426.000000
1698512.125000
294414.968750
20828.515625
363.794922
528.144348
1.422745
1.745096
613.657166
501.877380
27404.953125
362436.875000
2038271.625000
6834550.000000
15416905.000000
24704654.000000
28838078.000000
24704654.000000
15416905.000000
6834550.000000
2038271.625000
362436.875000
27404.953125
501.877380
613.657166
1.745096
1.422745
528.144348
363.794922
20828.515625
294414.968750
1698512.125000
5774426.000000
13131455.000000
21134402.000000
24704656.000000
21134402.000000
13131455.000000
5774426.000000
1698512.125000
294414.968750
20828.515625
363.794922
528.144348
1.422745
0.702957
0.938578
327.710144
197.022049
8652.537109
154902.781250
971004.250000
3449393.500000
8047513.500000
13131455.000000
15416902.000000
13131455.000000
8047513.500000
3449393.500000
971004.250000
154902.781250
8652.537109
197.022049
327.710144
0.938578
0.702957
0.137475
1.129240
129.095718
154.362289
1440.826660
49171.324219
364721.125000
1409224.000000
3449393.000000
5774426.000000
6834548.000000
5774426.000000
3449393.000000
1409224.000000
364721.125000
49171.324219
1440.826660
154.362289
129.095718
1.129240
0.137475
0.428456
22.580164
96.817131
7563.038574
80862.742188
364721.062500
971004.125000
1698512.000000
2038271.375000
1698512.000000
971004.125000
364721.062500
80862.742188
7563.038574
96.817131
22.580164
0.428456
0.189908
26.724016
32.553223
7563.038086
49171.316406
154902.781250
294415.000000
362436.937500
294415.000000
154902.781250
49171.316406
7563.038086
32.553223
26.724016
0.189908
0.669477
12.799710
1440.827637
8652.539062
20828.525391
27404.964844
20828.525391
8652.539062
1440.827637
12.799710
0.669477
0.137123
0.669477
26.724028
96.817200
154.362549
197.022491
363.795685
501.877930
363.795685
197.022491
154.362549
96.817200
26.724028
0.669477
0.137123
0.137123
22.580160
129.095688
327.710205
528.144714
613.657410
528.144714
327.710205
129.095688
22.580160
0.137123
0.189908
0.189908
0.428456
1.129240
0.938578
0.938578
1.129240
0.428456
0.137475
0.702957
1.422745
1.745096
1.422745
0.702957
0.137475
0.539470
1.145995
1.422745
1.145995
0.539470
0.352866
1.044246
1.148020
1.148020
1.044246
0.352866
0.185158
0.185158
0.101313
0.101313
0.128134
16.242250
104.637093
276.152740
452.515961
528.144592
452.515961
276.152740
104.637093
16.242250
0.128134
0.128134
0.129008
21.970705
87.423355
147.677017
173.782104
272.733826
363.795776
272.733826
173.782104
147.677017
87.423355
21.970705
0.129008
0.128134
0.101313
0.129009
11.426040
877.170837
6241.223145
15662.617188
20828.525391
15662.617188
6241.223145
877.170837
11.426040
0.129009
0.101313
0.185158
21.970699
5516.417480
38310.605469
123852.203125
238281.640625
294414.968750
238281.640625
123852.203125
38310.605469
5516.417480
21.970699
0.185158
0.352866
16.242247
87.423325
5516.417969
63902.394531
296542.687500
801187.625000
1412067.500000
1698512.000000
1412067.500000
801187.625000
296542.687500
63902.394531
5516.417969
87.423325
16.242247
0.352866
1.044247
104.637093
147.676834
877.171082
38310.609375
296542.718750
1168683.125000
2892241.000000
4869852.000000
5774426.000000
4869852.000000
2892241.000000
1168683.125000
296542.718750
38310.609375
877.171082
147.676834
104.637093
1.044247
0.539470
1.148020
276.152588
173.781647
6241.223145
123852.203125
801187.750000
2892241.000000
6810208.500000
11167378.000000
13131452.000000
11167378.000000
6810208.500000
2892241.000000
801187.750000
123852.203125
6241.223145
173.781647
276.152588
1.148020
0.539470
1.145995
452.515686
272.733368
15662.615234
238281.625000
1412067.500000
4869852.000000
11167376.000000
18054328.000000
21134400.000000
18054328.000000
11167376.000000
4869852.000000
1412067.500000
238281.625000
15662.615234
272.733368
452.515686
1.145995
1.422745
528.144348
363.794922
20828.515625
294414.968750
1698512.125000
5774426.000000
13131455.000000
21134402.000000
24704656.000000
21134402.000000
13131455.000000
5774426.000000
1698512.125000
294414.968750
20828.515625
363.794922
528.144348
1.422745
1.145995
452.515686
272.733368
15662.615234
238281.625000
1412067.500000
4869852.000000
11167376.000000
18054328.000000
21134400.000000
18054328.000000
11167376.000000
4869852.000000
1412067.500000
238281.625000
15662.615234
272.733368
452.515686
1.145995
0.539470
1.148020
276.152588
173.781647
6241.223145
123852.203125
801187.750000
2892241.000000
6810208.500000
11167378.000000
13131452.000000
11167378.000000
6810208.500000
2892241.000000
801187.750000
123852.203125
6241.223145
173.781647
276.152588
1.148020
0.539470
1.044247
104.637093
147.676834
877.171082
38310.609375
296542.718750
1168683.125000
2892241.000000
4869852.000000
5774426.000000
4869852.000000
2892241.000000
1168683.125000
296542.718750
38310.609375
877.171082
147.676834
104.637093
1.044247
0.352866
16.242247
87.423325
5516.417969
63902.394531
296542.687500
801187.625000
1412067.500000
1698512.000000
1412067.500000
801187.625000
296542.687500
63902.394531
5516.417969
87.423325
16.242247
0.352866
0.185158
21.970699
5516.417480
38310.605469
123852.203125
238281.640625
294414.968750
238281.640625
123852.203125
38310.605469
5516.417480
21.970699
0.185158
0.101313
0.129009
11.426040
877.170837
6241.223145
15662.617188
20828.525391
15662.617188
6241.223145
877.170837
11.426040
0.129009
0.101313
0.128134
0.129008
21.970705
87.423355
147.677017
173.782104
272.733826
363.795776
272.733826
173.782104
147.677017
87.423355
21.970705
0.129008
0.128134
0.128134
16.242250
104.637093
276.152740
452.515961
528.144592
452.515961
276.152740
104.637093
16.242250
0.128134
0.101313
0.101313
0.185158
0.185158
0.352866
1.044246
1.148020
1.148020
1.044246
0.352866
0.539470
1.145995
1.422745
1.145995
0.539470
0.202499
0.539470
0.702957
0.539470
0.202499
0.171719
0.716727
1.238409
1.148020
0.938579
1.148020
1.238409
0.716727
0.171719
0.126993
0.126993
4.133316
51.604370
158.525528
276.152802
327.710358
276.152802
158.525528
51.604370
4.133316
10.785445
60.399258
128.588684
156.195038
173.782166
197.022354
173.782166
156.195038
128.588684
60.399258
10.785445
6.618007
61.406609
2082.846436
6241.222656
8652.541016
6241.222656
2082.846436
61.406609
6.618007
0.126993
10.785442
1962.933472
17504.302734
61815.648438
123852.226562
154902.796875
123852.226562
61815.648438
17504.302734
1962.933472
10.785442
0.126993
0.171719
4.133313
60.399235
1962.934082
30701.843750
156579.093750
443691.218750
801187.812500
971004.250000
801187.812500
443691.218750
156579.093750
30701.843750
1962.934082
60.399235
4.133313
0.171719
0.716727
51.604362
128.588623
61.406281
17504.302734
156579.093750
657892.687500
1686362.500000
2892241.250000
3449393.500000
2892241.250000
1686362.500000
657892.687500
156579.093750
17504.302734
61.406281
128.588623
51.604362
0.716727
0.202499
1.238409
158.525497
156.194672
2082.845947
61815.644531
443691.031250
1686362.125000
4088838.500000
6810208.500000
8047513.500000
6810208.500000
4088838.500000
1686362.125000
443691.031250
61815.644531
2082.845947
156.194672
158.525497
1.238409
0.202499
0.539470
1.148020
276.152588
173.781647
6241.223145
123852.203125
801187.750000
2892241.000000
6810208.500000
11167378.000000
13131452.000000
11167378.000000
6810208.500000
2892241.000000
801187.750000
123852.203125
6241.223145
173.781647
276.152588
1.148020
0.539470
0.702957
0.938578
327.710144
197.022049
8652.537109
154902.781250
971004.250000
3449393.500000
8047513.500000
13131455.000000
15416902.000000
13131455.000000
8047513.500000
3449393.500000
971004.250000
154902.781250
8652.537109
197.022049
327.710144
0.938578
0.702957
0.539470
1.148020
276.152588
173.781647
6241.223145
123852.203125
801187.750000
2892241.000000
6810208.500000
11167378.000000
13131452.000000
11167378.000000
6810208.500000
2892241.000000
801187.750000
123852.203125
6241.223145
173.781647
276.152588
1.148020
0.539470
0.202499
1.238409
158.525497
156.194672
2082.845947
61815.644531
443691.031250
1686362.125000
4088838.500000
6810208.500000
8047513.500000
6810208.500000
4088838.500000
1686362.125000
443691.031250
61815.644531
2082.845947
156.194672
158.525497
1.238409
0.202499
0.716727
51.604362
128.588623
61.406281
17504.302734
156579.093750
657892.687500
1686362.500000
2892241.250000
3449393.500000
2892241.250000
1686362.500000
657892.687500
156579.093750
17504.302734
61.406281
128.588623
51.604362
0.716727
0.171719
4.133313
60.399235
1962.934082
30701.843750
156579.093750
443691.218750
801187.812500
971004.250000
801187.812500
443691.218750
156579.093750
30701.843750
1962.934082
60.399235
4.133313
0.171719
0.126993
10.785442
1962.933472
17504.302734
61815.648438
123852.226562
154902.796875
123852.226562
61815.648438
17504.302734
1962.933472
10.785442
0.126993
6.618007
61.406609
2082.846436
6241.222656
8652.541016
6241.222656
2082.846436
61.406609
6.618007
10.785445
60.399258
128.588684
156.195038
173.782166
197.022354
173.782166
156.195038
128.588684
60.399258
10.785445
4.133316
51.604370
158.525528
276.152802
327.710358
276.152802
158.525528
51.604370
4.133316
0.126993
0.126993
0.171719
0.716727
1.238409
1.148020
0.938579
1.148020
1.238409
0.716727
0.171719
0.202499
0.539470
0.702957
0.539470
0.202499
0.137475
0.270601
0.716727
1.044247
1.129241
1.044247
0.716727
0.270601
0.154425
0.154425
10.568233
51.604366
104.637123
129.095764
104.637123
51.604366
10.568233
2.004126
25.170107
79.284744
128.588684
147.677094
154.362411
147.677094
128.588684
79.284744
25.170107
2.004126
1.452407
7.907610
61.406410
877.170593
1440.827271
877.170593
61.406410
7.907610
1.452407
2.004127
7.907612
165.728226
4022.531738
17504.304688
38310.613281
49171.332031
38310.613281
17504.304688
4022.531738
165.728226
7.907612
2.004127
0.154425
25.170107
165.728317
8038.935547
50219.269531
156579.125000
296542.781250
364721.125000
296542.781250
156579.125000
50219.269531
8038.935547
165.728317
25.170107
0.154425
0.270601
10.568231
79.284729
4022.532227
50219.269531
239826.609375
657892.812500
1168683.375000
1409224.125000
1168683.375000
657892.812500
239826.609375
50219.269531
4022.532227
79.284729
10.568231
0.270601
0.716727
51.604362
128.588623
61.406281
17504.302734
156579.093750
657892.687500
1686362.500000
2892241.250000
3449393.500000
2892241.250000
1686362.500000
657892.687500
156579.093750
17504.302734
61.406281
128.588623
51.604362
0.716727
1.044247
104.637093
147.676834
877.171082
38310.609375
296542.718750
1168683.125000
2892241.000000
4869852.000000
5774426.000000
4869852.000000
2892241.000000
1168683.125000
296542.718750
38310.609375
877.171082
147.676834
104.637093
1.044247
0.137475
1.129240
129.095718
154.362289
1440.826660
49171.324219
364721.125000
1409224.000000
3449393.000000
5774426.000000
6834548.000000
5774426.000000
3449393.000000
1409224.000000
364721.125000
49171.324219
1440.826660
154.362289
129.095718
1.129240
0.137475
1.044247
104.637093
147.676834
877.171082
38310.609375
296542.718750
1168683.125000
2892241.000000
4869852.000000
5774426.000000
4869852.000000
2892241.000000
1168683.125000
296542.718750
38310.609375
877.171082
147.676834
104.637093
1.044247
0.716727
51.604362
128.588623
61.406281
17504.302734
156579.093750
657892.687500
1686362.500000
2892241.250000
3449393.500000
2892241.250000
1686362.500000
657892.687500
156579.093750
17504.302734
61.406281
128.588623
51.604362
0.716727
0.270601
10.568231
79.284729
4022.532227
50219.269531
239826.609375
657892.812500
1168683.375000
1409224.125000
1168683.375000
657892.812500
239826.609375
50219.269531
4022.532227
79.284729
10.568231
0.270601
0.154425
25.170107
165.728317
8038.935547
50219.269531
156579.125000
296542.781250
364721.125000
296542.781250
156579.125000
50219.269531
8038.935547
165.728317
25.170107
0.154425
2.004127
7.907612
165.728226
4022.531738
17504.304688
38310.613281
49171.332031
38310.613281
17504.304688
4022.531738
165.728226
7.907612
2.004127
1.452407
7.907610
61.406410
877.170593
1440.827271
877.170593
61.406410
7.907610
1.452407
2.004126
25.170107
79.284744
128.588684
147.677094
154.362411
147.677094
128.588684
79.284744
25.170107
2.004126
10.568233
51.604366
104.637123
129.095764
104.637123
51.604366
10.568233
0.154425
0.154425
0.270601
0.716727
1.044247
1.129241
1.044247
0.716727
0.270601
0.137475
0.171719
0.352866
0.428456
0.352866
0.171719
0.154425
0.154425
4.133312
16.242250
22.580170
16.242250
4.133312
4.164421
25.170101
60.399254
87.423393
96.817223
87.423393
60.399254
25.170101
4.164421
2.922266
6.366575
6.366575
2.922266
2.922266
165.728134
1962.933105
5516.417480
7563.039062
5516.417480
1962.933105
165.728134
2.922266
4.164422
6.366573
727.988403
8038.935547
30701.843750
63902.414062
80862.757812
63902.414062
30701.843750
8038.935547
727.988403
6.366573
4.164422
0.154425
25.170107
165.728317
8038.935547
50219.269531
156579.125000
296542.781250
364721.125000
296542.781250
156579.125000
50219.269531
8038.935547
165.728317
25.170107
0.154425
0.171719
4.133313
60.399235
1962.934082
30701.843750
156579.093750
443691.218750
801187.812500
971004.250000
801187.812500
443691.218750
156579.093750
30701.843750
1962.934082
60.399235
4.133313
0.171719
0.352866
16.242247
87.423325
5516.417969
63902.394531
296542.687500
801187.625000
1412067.500000
1698512.000000
1412067.500000
801187.625000
296542.687500
63902.394531
5516.417969
87.423325
16.242247
0.352866
0.428456
22.580164
96.817131
7563.038574
80862.742188
364721.062500
971004.125000
1698512.000000
2038271.375000
1698512.000000
971004.125000
364721.062500
80862.742188
7563.038574
96.817131
22.580164
0.428456
0.352866
16.242247
87.423325
5516.417969
63902.394531
296542.687500
801187.625000
1412067.500000
1698512.000000
1412067.500000
801187.625000
296542.687500
63902.394531
5516.417969
87.423325
16.242247
0.352866
0.171719
4.133313
60.399235
1962.934082
30701.843750
156579.093750
443691.218750
801187.812500
971004.250000
801187.812500
443691.218750
156579.093750
30701.843750
1962.934082
60.399235
4.133313
0.171719
0.154425
25.170107
165.728317
8038.935547
50219.269531
156579.125000
296542.781250
364721.125000
296542.781250
156579.125000
50219.269531
8038.935547
165.728317
25.170107
0.154425
4.164422
6.366573
727.988403
8038.935547
30701.843750
63902.414062
80862.757812
63902.414062
30701.843750
8038.935547
727.988403
6.366573
4.164422
2.922266
165.728134
1962.933105
5516.417480
7563.039062
5516.417480
1962.933105
165.728134
2.922266
2.922266
6.366575
6.366575
2.922266
4.164421
25.170101
60.399254
87.423393
96.817223
87.423393
60.399254
25.170101
4.164421
4.133312
16.242250
22.580170
16.242250
4.133312
0.154425
0.154425
0.171719
0.352866
0.428456
0.352866
0.171719
0.126993
0.185158
0.189908
0.185158
0.126993
2.004126
10.785443
21.970707
26.724033
21.970707
10.785443
2.004126
2.922266
7.907613
7.907613
2.922266
2.053214
32.552895
2.053214
2.922266
165.728134
1962.933105
5516.417480
7563.039062
5516.417480
1962.933105
165.728134
2.922266
2.004127
7.907612
165.728226
4022.531738
17504.304688
38310.613281
49171.332031
38310.613281
17504.304688
4022.531738
165.728226
7.907612
2.004127
0.126993
10.785442
1962.933472
17504.302734
61815.648438
123852.226562
154902.796875
123852.226562
61815.648438
17504.302734
1962.933472
10.785442
0.126993
0.185158
21.970699
5516.417480
38310.605469
123852.203125
238281.640625
294414.968750
238281.640625
123852.203125
38310.605469
5516.417480
21.970699
0.185158
0.189908
26.724016
32.553223
7563.038086
49171.316406
154902.781250
294415.000000
362436.937500
294415.000000
154902.781250
49171.316406
7563.038086
32.553223
26.724016
0.189908
0.185158
21.970699
5516.417480
38310.605469
123852.203125
238281.640625
294414.968750
238281.640625
123852.203125
38310.605469
5516.417480
21.970699
0.185158
0.126993
10.785442
1962.933472
17504.302734
61815.648438
123852.226562
154902.796875
123852.226562
61815.648438
17504.302734
1962.933472
10.785442
0.126993
2.004127
7.907612
165.728226
4022.531738
17504.304688
38310.613281
49171.332031
38310.613281
17504.304688
4022.531738
165.728226
7.907612
2.004127
2.922266
165.728134
1962.933105
5516.417480
7563.039062
5516.417480
1962.933105
165.728134
2.922266
2.053214
32.552895
2.053214
2.922266
7.907613
7.907613
2.922266
2.004126
10.785443
21.970707
26.724033
21.970707
10.785443
2.004126
0.126993
0.185158
0.189908
0.185158
0.126993
0.101313
0.101313
0.129008
0.669476
0.129008
1.452408
6.618007
11.426041
12.799719
11.426041
6.618007
1.452408
2.922266
7.907613
7.907613
2.922266
2.922266
6.366575
6.366575
2.922266
1.452407
7.907610
61.406410
877.170593
1440.827271
877.170593
61.406410
7.907610
1.452407
6.618007
61.406609
2082.846436
6241.222656
8652.541016
6241.222656
2082.846436
61.406609
6.618007
0.101313
0.129009
11.426040
877.170837
6241.223145
15662.617188
20828.525391
15662.617188
6241.223145
877.170837
11.426040
0.129009
0.101313
0.669477
12.799710
1440.827637
8652.539062
20828.525391
27404.964844
20828.525391
8652.539062
1440.827637
12.799710
0.669477
0.101313
0.129009
11.426040
877.170837
6241.223145
15662.617188
20828.525391
15662.617188
6241.223145
877.170837
11.426040
0.129009
0.101313
6.618007
61.406609
2082.846436
6241.222656
8652.541016
6241.222656
2082.846436
61.406609
6.618007
1.452407
7.907610
61.406410
877.170593
1440.827271
877.170593
61.406410
7.907610
1.452407
2.922266
6.366575
6.366575
2.922266
2.922266
7.907613
7.907613
2.922266
1.452408
6.618007
11.426041
12.799719
11.426041
6.618007
1.452408
0.129008
0.669476
0.129008
0.101313
0.101313
0.128134
0.137123
0.128134
0.129008
0.669476
0.129008
2.004126
10.785443
21.970707
26.724033
21.970707
10.785443
2.004126
4.164421
25.170101
60.399254
87.423393
96.817223
87.423393
60.399254
25.170101
4.164421
2.004126
25.170107
79.284744
128.588684
147.677094
154.362411
147.677094
128.588684
79.284744
25.170107
2.004126
10.785445
60.399258
128.588684
156.195038
173.782166
197.022354
173.782166
156.195038
128.588684
60.399258
10.785445
0.128134
0.129008
21.970705
87.423355
147.677017
173.782104
272.733826
363.795776
272.733826
173.782104
147.677017
87.423355
21.970705
0.129008
0.128134
0.137123
0.669477
26.724028
96.817200
154.362549
197.022491
363.795685
501.877930
363.795685
197.022491
154.362549
96.817200
26.724028
0.669477
0.137123
0.128134
0.129008
21.970705
87.423355
147.677017
173.782104
272.733826
363.795776
272.733826
173.782104
147.677017
87.423355
21.970705
0.129008
0.128134
10.785445
60.399258
128.588684
156.195038
173.782166
197.022354
173.782166
156.195038
128.588684
60.399258
10.785445
2.004126
25.170107
79.284744
128.588684
147.677094
154.362411
147.677094
128.588684
79.284744
25.170107
2.004126
4.164421
25.170101
60.399254
87.423393
96.817223
87.423393
60.399254
25.170101
4.164421
2.004126
10.785443
21.970707
26.724033
21.970707
10.785443
2.004126
0.129008
0.669476
0.129008
0.128134
0.137123
0.128134
0.128134
0.137123
0.128134
4.133312
16.242250
22.580170
16.242250
4.133312
10.568233
51.604366
104.637123
129.095764
104.637123
51.604366
10.568233
4.133316
51.604370
158.525528
276.152802
327.710358
276.152802
158.525528
51.604370
4.133316
0.128134
16.242250
104.637093
276.152740
452.515961
528.144592
452.515961
276.152740
104.637093
16.242250
0.128134
0.137123
22.580160
129.095688
327.710205
528.144714
613.657410
528.144714
327.710205
129.095688
22.580160
0.137123
0.128134
16.242250
104.637093
276.152740
452.515961
528.144592
452.515961
276.152740
104.637093
16.242250
0.128134
4.133316
51.604370
158.525528
276.152802
327.710358
276.152802
158.525528
51.604370
4.133316
10.568233
51.604366
104.637123
129.095764
104.637123
51.604366
10.568233
4.133312
16.242250
22.580170
16.242250
4.133312
0.128134
0.137123
0.128134
0.101313
0.101313
0.101313
0.101313
0.101313
0.101313
0.101313
0.101313
0.126993
0.185158
0.189908
0.185158
0.126993
0.154425
0.154425
0.154425
0.154425
0.126993
0.126993
0.185158
0.185158
0.189908
0.189908
0.185158
0.185158
0.126993
0.126993
0.154425
0.154425
0.154425
0.154425
0.126993
0.185158
0.189908
0.185158
0.126993
0.171719
0.352866
0.428456
0.352866
0.171719
0.270601
0.716727
1.044247
1.129241
1.044247
0.716727
0.270601
0.171719
0.716727
1.238409
1.148020
0.938579
1.148020
1.238409
0.716727
0.171719
0.352866
1.044246
1.148020
1.148020
1.044246
0.352866
0.428456
1.129240
0.938578
0.938578
1.129240
0.428456
0.352866
1.044246
1.148020
1.148020
1.044246
0.352866
0.171719
0.716727
1.238409
1.148020
0.938579
1.148020
1.238409
0.716727
0.171719
0.270601
0.716727
1.044247
1.129241
1.044247
0.716727
0.270601
0.171719
0.352866
0.428456
0.352866
0.171719
0.137475
0.202499
0.539470
0.702957
0.539470
0.202499
0.539470
1.145995
1.422745
1.145995
0.539470
0.137475
0.702957
1.422745
1.745096
1.422745
0.702957
0.137475
0.539470
1.145995
1.422745
1.145995
0.539470
0.202499
0.539470
0.702957
0.539470
0.202499
0.137475
