Reference code info: nt=110    dt=9.057110e-04

******************************************************
Performance results
******************************************************
CPU EXECUTION TIME OF TIME LOOP = 373.6395
Total memory allocation ~ 4271 MBytes
time/test(s)     : 3.736395e+02

MStencil/s : 0.966022  
******************************************************
0.137475
0.202498
0.539468
0.702955
0.539468
0.202498
0.539468
1.145993
1.422742
1.145993
0.539468
0.137475
0.702955
1.422742
1.745093
1.422742
0.702955
0.137475
0.539468
1.145993
1.422742
1.145993
0.539468
0.202498
0.539468
0.702955
0.539468
0.202498
0.137475
0.171719
0.352865
0.428455
0.352865
0.171719
0.270601
0.716727
1.044246
1.129240
1.044246
0.716727
0.270601
0.171719
0.716726
1.238409
1.148021
0.938580
1.148021
1.238409
0.716726
0.171719
0.352865
1.044245
1.148021
1.148021
1.044245
0.352865
0.428455
1.129240
0.938581
0.938581
1.129240
0.428455
0.352865
1.044245
1.148021
1.148021
1.044245
0.352865
0.171719
0.716726
1.238409
1.148021
0.938580
1.148021
1.238409
0.716726
0.171719
0.270601
0.716727
1.044246
1.129240
1.044246
0.716727
0.270601
0.171719
0.352865
0.428455
0.352865
0.171719
0.126993
0.185158
0.189908
0.185158
0.126993
0.154425
0.154425
0.154425
0.154425
0.126993
0.126993
0.185158
0.185158
0.189908
0.189908
0.185158
0.185158
0.126993
0.126993
0.154425
0.154425
0.154425
0.154425
0.126993
0.185158
0.189908
0.185158
0.126993
0.101313
0.101313
0.101313
0.101313
0.101313
0.101313
0.101313
0.101313
0.128134
0.137123
0.128134
4.133297
16.242216
22.580124
16.242216
4.133297
10.568207
51.604286
104.636971
129.095596
104.636971
51.604286
10.568207
4.133299
51.604294
158.525360
276.152466
327.710083
276.152466
158.525360
51.604294
4.133299
0.128134
16.242214
104.637009
276.152588
452.515686
528.144470
452.515686
276.152588
104.637009
16.242214
0.128134
0.137123
22.580132
129.095627
327.710083
528.144470
613.657227
528.144470
327.710083
129.095627
22.580132
0.137123
0.128134
16.242214
104.637009
276.152588
452.515686
528.144470
452.515686
276.152588
104.637009
16.242214
0.128134
4.133299
51.604294
158.525360
276.152466
327.710083
276.152466
158.525360
51.604294
4.133299
10.568207
51.604286
104.636971
129.095596
104.636971
51.604286
10.568207
4.133297
16.242216
22.580124
16.242216
4.133297
0.128134
0.137123
0.128134
0.128134
0.137123
0.128134
0.129006
0.669474
0.129006
2.004121
10.785424
21.970671
26.723995
21.970671
10.785424
2.004121
4.164412
25.170069
60.399189
87.423325
96.817215
87.423325
60.399189
25.170069
4.164412
2.004121
25.170076
79.284714
128.588776
147.677460
154.363144
147.677460
128.588776
79.284714
25.170076
2.004121
10.785425
60.399204
128.588837
156.195816
173.783859
197.024811
173.783859
156.195816
128.588837
60.399204
10.785425
0.128134
0.129007
21.970671
87.423355
147.677551
173.783798
272.737305
363.799652
272.737305
173.783798
147.677551
87.423355
21.970671
0.129007
0.128134
0.137123
0.669473
26.723993
96.817223
154.363129
197.024857
363.799347
501.882202
363.799347
197.024857
154.363129
96.817223
26.723993
0.669473
0.137123
0.128134
0.129007
21.970671
87.423355
147.677551
173.783798
272.737305
363.799652
272.737305
173.783798
147.677551
87.423355
21.970671
0.129007
0.128134
10.785425
60.399204
128.588837
156.195816
173.783859
197.024811
173.783859
156.195816
128.588837
60.399204
10.785425
2.004121
25.170076
79.284714
128.588776
147.677460
154.363144
147.677460
128.588776
79.284714
25.170076
2.004121
4.164412
25.170069
60.399189
87.423325
96.817215
87.423325
60.399189
25.170069
4.164412
2.004121
10.785424
21.970671
26.723995
21.970671
10.785424
2.004121
0.129006
0.669474
0.129006
0.128134
0.137123
0.128134
0.101313
0.101313
0.129006
0.669474
0.129006
1.452403
6.617995
11.426027
12.799697
11.426027
6.617995
1.452403
2.922260
7.907602
7.907602
2.922260
2.922261
6.366583
6.366583
2.922261
1.452404
7.907609
61.408394
877.172974
1440.827881
877.172974
61.408394
7.907609
1.452404
6.617995
61.408081
2082.849121
6241.222656
8652.535156
6241.222656
2082.849121
61.408081
6.617995
0.101313
0.129007
11.426023
877.171509
6241.220703
15662.604492
20828.503906
15662.604492
6241.220703
877.171509
11.426023
0.129007
0.101313
0.669473
12.799694
1440.827759
8652.534180
20828.509766
27404.937500
20828.509766
8652.534180
1440.827759
12.799694
0.669473
0.101313
0.129007
11.426023
877.171509
6241.220703
15662.604492
20828.503906
15662.604492
6241.220703
877.171509
11.426023
0.129007
0.101313
6.617995
61.408081
2082.849121
6241.222656
8652.535156
6241.222656
2082.849121
61.408081
6.617995
1.452404
7.907609
61.408394
877.172974
1440.827881
877.172974
61.408394
7.907609
1.452404
2.922261
6.366583
6.366583
2.922261
2.922260
7.907602
7.907602
2.922260
1.452403
6.617995
11.426027
12.799697
11.426027
6.617995
1.452403
0.129006
0.669474
0.129006
0.101313
0.101313
0.126993
0.185158
0.189908
0.185158
0.126993
2.004121
10.785424
21.970671
26.723995
21.970671
10.785424
2.004121
2.922260
7.907602
7.907602
2.922260
2.053210
32.553505
2.053210
2.922261
165.728470
1962.931763
5516.410156
7563.028320
5516.410156
1962.931763
165.728470
2.922261
2.004121
7.907607
165.728363
4022.526855
17504.281250
38310.554688
49171.253906
38310.554688
17504.281250
4022.526855
165.728363
7.907607
2.004121
0.126993
10.785423
1962.931396
17504.277344
61815.554688
123852.054688
154902.562500
123852.054688
61815.554688
17504.277344
1962.931396
10.785423
0.126993
0.185158
21.970663
5516.409180
38310.554688
123852.054688
238281.281250
294414.562500
238281.281250
123852.054688
38310.554688
5516.409180
21.970663
0.185158
0.189908
26.723986
32.553635
7563.028320
49171.253906
154902.593750
294414.562500
362436.375000
294414.562500
154902.593750
49171.253906
7563.028320
32.553635
26.723986
0.189908
0.185158
21.970663
5516.409180
38310.554688
123852.054688
238281.281250
294414.562500
238281.281250
123852.054688
38310.554688
5516.409180
21.970663
0.185158
0.126993
10.785423
1962.931396
17504.277344
61815.554688
123852.054688
154902.562500
123852.054688
61815.554688
17504.277344
1962.931396
10.785423
0.126993
2.004121
7.907607
165.728363
4022.526855
17504.281250
38310.554688
49171.253906
38310.554688
17504.281250
4022.526855
165.728363
7.907607
2.004121
2.922261
165.728470
1962.931763
5516.410156
7563.028320
5516.410156
1962.931763
165.728470
2.922261
2.053210
32.553505
2.053210
2.922260
7.907602
7.907602
2.922260
2.004121
10.785424
21.970671
26.723995
21.970671
10.785424
2.004121
0.126993
0.185158
0.189908
0.185158
0.126993
0.171719
0.352865
0.428455
0.352865
0.171719
0.154425
0.154425
4.133297
16.242216
22.580124
16.242216
4.133297
4.164412
25.170069
60.399189
87.423325
96.817215
87.423325
60.399189
25.170069
4.164412
2.922261
6.366583
6.366583
2.922261
2.922261
165.728470
1962.931763
5516.410156
7563.028320
5516.410156
1962.931763
165.728470
2.922261
4.164412
6.366581
727.987549
8038.924316
30701.794922
63902.292969
80862.617188
63902.292969
30701.794922
8038.924316
727.987549
6.366581
4.164412
0.154425
25.170069
165.728394
8038.923828
50219.187500
156578.859375
296542.250000
364720.531250
296542.250000
156578.859375
50219.187500
8038.923828
165.728394
25.170069
0.154425
0.171719
4.133300
60.399189
1962.931885
30701.792969
156578.828125
443690.437500
801186.500000
971002.750000
801186.500000
443690.437500
156578.828125
30701.792969
1962.931885
60.399189
4.133300
0.171719
0.352865
16.242212
87.423317
5516.409180
63902.292969
296542.281250
801186.500000
1412065.500000
1698509.500000
1412065.500000
801186.500000
296542.281250
63902.292969
5516.409180
87.423317
16.242212
0.352865
0.428455
22.580116
96.817169
7563.027344
80862.609375
364720.531250
971002.687500
1698509.500000
2038268.500000
1698509.500000
971002.687500
364720.531250
80862.609375
7563.027344
96.817169
22.580116
0.428455
0.352865
16.242212
87.423317
5516.409180
63902.292969
296542.281250
801186.500000
1412065.500000
1698509.500000
1412065.500000
801186.500000
296542.281250
63902.292969
5516.409180
87.423317
16.242212
0.352865
0.171719
4.133300
60.399189
1962.931885
30701.792969
156578.828125
443690.437500
801186.500000
971002.750000
801186.500000
443690.437500
156578.828125
30701.792969
1962.931885
60.399189
4.133300
0.171719
0.154425
25.170069
165.728394
8038.923828
50219.187500
156578.859375
296542.250000
364720.531250
296542.250000
156578.859375
50219.187500
8038.923828
165.728394
25.170069
0.154425
4.164412
6.366581
727.987549
8038.924316
30701.794922
63902.292969
80862.617188
63902.292969
30701.794922
8038.924316
727.987549
6.366581
4.164412
2.922261
165.728470
1962.931763
5516.410156
7563.028320
5516.410156
1962.931763
165.728470
2.922261
2.922261
6.366583
6.366583
2.922261
4.164412
25.170069
60.399189
87.423325
96.817215
87.423325
60.399189
25.170069
4.164412
4.133297
16.242216
22.580124
16.242216
4.133297
0.154425
0.154425
0.171719
0.352865
0.428455
0.352865
0.171719
0.137475
0.270601
0.716727
1.044246
1.129240
1.044246
0.716727
0.270601
0.154425
0.154425
10.568207
51.604286
104.636971
129.095596
104.636971
51.604286
10.568207
2.004121
25.170076
79.284714
128.588776
147.677460
154.363144
147.677460
128.588776
79.284714
25.170076
2.004121
1.452404
7.907609
61.408394
877.172974
1440.827881
877.172974
61.408394
7.907609
1.452404
2.004121
7.907607
165.728363
4022.526855
17504.281250
38310.554688
49171.253906
38310.554688
17504.281250
4022.526855
165.728363
7.907607
2.004121
0.154425
25.170069
165.728394
8038.923828
50219.187500
156578.859375
296542.250000
364720.531250
296542.250000
156578.859375
50219.187500
8038.923828
165.728394
25.170069
0.154425
0.270601
10.568208
79.284698
4022.527588
50219.187500
239826.171875
657891.687500
1168681.375000
1409221.625000
1168681.375000
657891.687500
239826.171875
50219.187500
4022.527588
79.284698
10.568208
0.270601
0.716727
51.604294
128.588730
61.407837
17504.281250
156578.828125
657891.500000
1686359.750000
2892236.500000
3449388.250000
2892236.500000
1686359.750000
657891.500000
156578.828125
17504.281250
61.407837
128.588730
51.604294
0.716727
1.044245
104.636948
147.677383
877.172424
38310.550781
296542.218750
1168681.375000
2892236.500000
4869846.000000
5774418.500000
4869846.000000
2892236.500000
1168681.375000
296542.218750
38310.550781
877.172424
147.677383
104.636948
1.044245
0.137475
1.129240
129.095551
154.362961
1440.828491
49171.246094
364720.500000
1409221.875000
3449387.750000
5774417.500000
6834540.000000
5774417.500000
3449387.750000
1409221.875000
364720.500000
49171.246094
1440.828491
154.362961
129.095551
1.129240
0.137475
1.044245
104.636948
147.677383
877.172424
38310.550781
296542.218750
1168681.375000
2892236.500000
4869846.000000
5774418.500000
4869846.000000
2892236.500000
1168681.375000
296542.218750
38310.550781
877.172424
147.677383
104.636948
1.044245
0.716727
51.604294
128.588730
61.407837
17504.281250
156578.828125
657891.500000
1686359.750000
2892236.500000
3449388.250000
2892236.500000
1686359.750000
657891.500000
156578.828125
17504.281250
61.407837
128.588730
51.604294
0.716727
0.270601
10.568208
79.284698
4022.527588
50219.187500
239826.171875
657891.687500
1168681.375000
1409221.625000
1168681.375000
657891.687500
239826.171875
50219.187500
4022.527588
79.284698
10.568208
0.270601
0.154425
25.170069
165.728394
8038.923828
50219.187500
156578.859375
296542.250000
364720.531250
296542.250000
156578.859375
50219.187500
8038.923828
165.728394
25.170069
0.154425
2.004121
7.907607
165.728363
4022.526855
17504.281250
38310.554688
49171.253906
38310.554688
17504.281250
4022.526855
165.728363
7.907607
2.004121
1.452404
7.907609
61.408394
877.172974
1440.827881
877.172974
61.408394
7.907609
1.452404
2.004121
25.170076
79.284714
128.588776
147.677460
154.363144
147.677460
128.588776
79.284714
25.170076
2.004121
10.568207
51.604286
104.636971
129.095596
104.636971
51.604286
10.568207
0.154425
0.154425
0.270601
0.716727
1.044246
1.129240
1.044246
0.716727
0.270601
0.137475
0.202498
0.539468
0.702955
0.539468
0.202498
0.171719
0.716726
1.238409
1.148021
0.938580
1.148021
1.238409
0.716726
0.171719
0.126993
0.126993
4.133299
51.604294
158.525360
276.152466
327.710083
276.152466
158.525360
51.604294
4.133299
10.785425
60.399204
128.588837
156.195816
173.783859
197.024811
173.783859
156.195816
128.588837
60.399204
10.785425
6.617995
61.408081
2082.849121
6241.222656
8652.535156
6241.222656
2082.849121
61.408081
6.617995
0.126993
10.785423
1962.931396
17504.277344
61815.554688
123852.054688
154902.562500
123852.054688
61815.554688
17504.277344
1962.931396
10.785423
0.126993
0.171719
4.133300
60.399189
1962.931885
30701.792969
156578.828125
443690.437500
801186.500000
971002.750000
801186.500000
443690.437500
156578.828125
30701.792969
1962.931885
60.399189
4.133300
0.171719
0.716727
51.604294
128.588730
61.407837
17504.281250
156578.828125
657891.500000
1686359.750000
2892236.500000
3449388.250000
2892236.500000
1686359.750000
657891.500000
156578.828125
17504.281250
61.407837
128.588730
51.604294
0.716727
0.202498
1.238409
158.525330
156.195526
2082.847168
61815.562500
443690.406250
1686359.375000
4088832.500000
6810198.500000
8047502.000000
6810198.500000
4088832.500000
1686359.375000
443690.406250
61815.562500
2082.847168
156.195526
158.525330
1.238409
0.202498
0.539468
1.148021
276.152466
173.783401
6241.218750
123852.031250
801186.437500
2892236.500000
6810198.500000
11167363.000000
13131437.000000
11167363.000000
6810198.500000
2892236.500000
801186.437500
123852.031250
6241.218750
173.783401
276.152466
1.148021
0.539468
0.702956
0.938580
327.709961
197.024200
8652.531250
154902.546875
971002.750000
3449388.500000
8047502.000000
13131437.000000
15416884.000000
13131437.000000
8047502.000000
3449388.500000
971002.750000
154902.546875
8652.531250
197.024200
327.709961
0.938580
0.702956
0.539468
1.148021
276.152466
173.783401
6241.218750
123852.031250
801186.437500
2892236.500000
6810198.500000
11167363.000000
13131437.000000
11167363.000000
6810198.500000
2892236.500000
801186.437500
123852.031250
6241.218750
173.783401
276.152466
1.148021
0.539468
0.202498
1.238409
158.525330
156.195526
2082.847168
61815.562500
443690.406250
1686359.375000
4088832.500000
6810198.500000
8047502.000000
6810198.500000
4088832.500000
1686359.375000
443690.406250
61815.562500
2082.847168
156.195526
158.525330
1.238409
0.202498
0.716727
51.604294
128.588730
61.407837
17504.281250
156578.828125
657891.500000
1686359.750000
2892236.500000
3449388.250000
2892236.500000
1686359.750000
657891.500000
156578.828125
17504.281250
61.407837
128.588730
51.604294
0.716727
0.171719
4.133300
60.399189
1962.931885
30701.792969
156578.828125
443690.437500
801186.500000
971002.750000
801186.500000
443690.437500
156578.828125
30701.792969
1962.931885
60.399189
4.133300
0.171719
0.126993
10.785423
1962.931396
17504.277344
61815.554688
123852.054688
154902.562500
123852.054688
61815.554688
17504.277344
1962.931396
10.785423
0.126993
6.617995
61.408081
2082.849121
6241.222656
8652.535156
6241.222656
2082.849121
61.408081
6.617995
10.785425
60.399204
128.588837
156.195816
173.783859
197.024811
173.783859
156.195816
128.588837
60.399204
10.785425
4.133299
51.604294
158.525360
276.152466
327.710083
276.152466
158.525360
51.604294
4.133299
0.126993
0.126993
0.171719
0.716726
1.238409
1.148021
0.938580
1.148021
1.238409
0.716726
0.171719
0.202498
0.539468
0.702955
0.539468
0.202498
0.539468
1.145993
1.422742
1.145993
0.539468
0.352865
1.044245
1.148021
1.148021
1.044245
0.352865
0.185158
0.185158
0.101313
0.101313
0.128134
16.242214
104.637009
276.152588
452.515686
528.144470
452.515686
276.152588
104.637009
16.242214
0.128134
0.128134
0.129007
21.970671
87.423355
147.677551
173.783798
272.737305
363.799652
272.737305
173.783798
147.677551
87.423355
21.970671
0.129007
0.128134
0.101313
0.129007
11.426023
877.171509
6241.220703
15662.604492
20828.503906
15662.604492
6241.220703
877.171509
11.426023
0.129007
0.101313
0.185158
21.970663
5516.409180
38310.554688
123852.054688
238281.281250
294414.562500
238281.281250
123852.054688
38310.554688
5516.409180
21.970663
0.185158
0.352865
16.242212
87.423317
5516.409180
63902.292969
296542.281250
801186.500000
1412065.500000
1698509.500000
1412065.500000
801186.500000
296542.281250
63902.292969
5516.409180
87.423317
16.242212
0.352865
1.044245
104.636948
147.677383
877.172424
38310.550781
296542.218750
1168681.375000
2892236.500000
4869846.000000
5774418.500000
4869846.000000
2892236.500000
1168681.375000
296542.218750
38310.550781
877.172424
147.677383
104.636948
1.044245
0.539468
1.148021
276.152466
173.783401
6241.218750
123852.031250
801186.437500
2892236.500000
6810198.500000
11167363.000000
13131437.000000
11167363.000000
6810198.500000
2892236.500000
801186.437500
123852.031250
6241.218750
173.783401
276.152466
1.148021
0.539468
1.145993
452.515686
272.736206
15662.600586
238281.281250
1412065.375000
4869845.000000
11167363.000000
18054306.000000
21134374.000000
18054306.000000
11167363.000000
4869845.000000
1412065.375000
238281.281250
15662.600586
272.736206
452.515686
1.145993
1.422742
528.144348
363.798370
20828.496094
294414.562500
1698509.750000
5774418.000000
13131437.000000
21134374.000000
24704628.000000
21134374.000000
13131437.000000
5774418.000000
1698509.750000
294414.562500
20828.496094
363.798370
528.144348
1.422742
1.145993
452.515686
272.736206
15662.600586
238281.281250
1412065.375000
4869845.000000
11167363.000000
18054306.000000
21134374.000000
18054306.000000
11167363.000000
4869845.000000
1412065.375000
238281.281250
15662.600586
272.736206
452.515686
1.145993
0.539468
1.148021
276.152466
173.783401
6241.218750
123852.031250
801186.437500
2892236.500000
6810198.500000
11167363.000000
13131437.000000
11167363.000000
6810198.500000
2892236.500000
801186.437500
123852.031250
6241.218750
173.783401
276.152466
1.148021
0.539468
1.044245
104.636948
147.677383
877.172424
38310.550781
296542.218750
1168681.375000
2892236.500000
4869846.000000
5774418.500000
4869846.000000
2892236.500000
1168681.375000
296542.218750
38310.550781
877.172424
147.677383
104.636948
1.044245
0.352865
16.242212
87.423317
5516.409180
63902.292969
296542.281250
801186.500000
1412065.500000
1698509.500000
1412065.500000
801186.500000
296542.281250
63902.292969
5516.409180
87.423317
16.242212
0.352865
0.185158
21.970663
5516.409180
38310.554688
123852.054688
238281.281250
294414.562500
238281.281250
123852.054688
38310.554688
5516.409180
21.970663
0.185158
0.101313
0.129007
11.426023
877.171509
6241.220703
15662.604492
20828.503906
15662.604492
6241.220703
877.171509
11.426023
0.129007
0.101313
0.128134
0.129007
21.970671
87.423355
147.677551
173.783798
272.737305
363.799652
272.737305
173.783798
147.677551
87.423355
21.970671
0.129007
0.128134
0.128134
16.242214
104.637009
276.152588
452.515686
528.144470
452.515686
276.152588
104.637009
16.242214
0.128134
0.101313
0.101313
0.185158
0.185158
0.352865
1.044245
1.148021
1.148021
1.044245
0.352865
0.539468
1.145993
1.422742
1.145993
0.539468
0.137475
0.702955
1.422742
1.745093
1.422742
0.702955
0.137475
0.428455
1.129240
0.938581
0.938581
1.129240
0.428455
0.189908
0.189908
0.137123
22.580132
129.095627
327.710083
528.144470
613.657227
528.144470
327.710083
129.095627
22.580132
0.137123
0.137123
0.669473
26.723993
96.817223
154.363129
197.024857
363.799347
501.882202
363.799347
197.024857
154.363129
96.817223
26.723993
0.669473
0.137123
0.669473
12.799694
1440.827759
8652.534180
20828.509766
27404.937500
20828.509766
8652.534180
1440.827759
12.799694
0.669473
0.189908
26.723986
32.553635
7563.028320
49171.253906
154902.593750
294414.562500
362436.375000
294414.562500
154902.593750
49171.253906
7563.028320
32.553635
26.723986
0.189908
0.428455
22.580116
96.817169
7563.027344
80862.609375
364720.531250
971002.687500
1698509.500000
2038268.500000
1698509.500000
971002.687500
364720.531250
80862.609375
7563.027344
96.817169
22.580116
0.428455
0.137475
1.129240
129.095551
154.362961
1440.828491
49171.246094
364720.500000
1409221.875000
3449387.750000
5774417.500000
6834540.000000
5774417.500000
3449387.750000
1409221.875000
364720.500000
49171.246094
1440.828491
154.362961
129.095551
1.129240
0.137475
0.702956
0.938580
327.709961
197.024200
8652.531250
154902.546875
971002.750000
3449388.500000
8047502.000000
13131437.000000
15416884.000000
13131437.000000
8047502.000000
3449388.500000
971002.750000
154902.546875
8652.531250
197.024200
327.709961
0.938580
0.702956
1.422742
528.144348
363.798370
20828.496094
294414.562500
1698509.750000
5774418.000000
13131437.000000
21134374.000000
24704628.000000
21134374.000000
13131437.000000
5774418.000000
1698509.750000
294414.562500
20828.496094
363.798370
528.144348
1.422742
1.745093
613.657104
501.881256
27404.921875
362436.406250
2038268.625000
6834539.000000
15416886.000000
24704628.000000
28838042.000000
24704628.000000
15416886.000000
6834539.000000
2038268.625000
362436.406250
27404.921875
501.881256
613.657104
1.745093
1.422742
528.144348
363.798370
20828.496094
294414.562500
1698509.750000
5774418.000000
13131437.000000
21134374.000000
24704628.000000
21134374.000000
13131437.000000
5774418.000000
1698509.750000
294414.562500
20828.496094
363.798370
528.144348
1.422742
0.702956
0.938580
327.709961
197.024200
8652.531250
154902.546875
971002.750000
3449388.500000
8047502.000000
13131437.000000
15416884.000000
13131437.000000
8047502.000000
3449388.500000
971002.750000
154902.546875
8652.531250
197.024200
327.709961
0.938580
0.702956
0.137475
1.129240
129.095551
154.362961
1440.828491
49171.246094
364720.500000
1409221.875000
3449387.750000
5774417.500000
6834540.000000
5774417.500000
3449387.750000
1409221.875000
364720.500000
49171.246094
1440.828491
154.362961
129.095551
1.129240
0.137475
0.428455
22.580116
96.817169
7563.027344
80862.609375
364720.531250
971002.687500
1698509.500000
2038268.500000
1698509.500000
971002.687500
364720.531250
80862.609375
7563.027344
96.817169
22.580116
0.428455
0.189908
26.723986
32.553635
7563.028320
49171.253906
154902.593750
294414.562500
362436.375000
294414.562500
154902.593750
49171.253906
7563.028320
32.553635
26.723986
0.189908
0.669473
12.799694
1440.827759
8652.534180
20828.509766
27404.937500
20828.509766
8652.534180
1440.827759
12.799694
0.669473
0.137123
0.669473
26.723993
96.817223
154.363129
197.024857
363.799347
501.882202
363.799347
197.024857
154.363129
96.817223
26.723993
0.669473
0.137123
0.137123
22.580132
129.095627
327.710083
528.144470
613.657227
528.144470
327.710083
129.095627
22.580132
0.137123
0.189908
0.189908
0.428455
1.129240
0.938581
0.938581
1.129240
0.428455
0.137475
0.702955
1.422742
1.745093
1.422742
0.702955
0.137475
0.539468
1.145993
1.422742
1.145993
0.539468
0.352865
1.044245
1.148021
1.148021
1.044245
0.352865
0.185158
0.185158
0.101313
0.101313
0.128134
16.242214
104.637009
276.152588
452.515686
528.144470
452.515686
276.152588
104.637009
16.242214
0.128134
0.128134
0.129007
21.970671
87.423355
147.677551
173.783798
272.737305
363.799652
272.737305
173.783798
147.677551
87.423355
21.970671
0.129007
0.128134
0.101313
0.129007
11.426023
877.171509
6241.220703
15662.604492
20828.503906
15662.604492
6241.220703
877.171509
11.426023
0.129007
0.101313
0.185158
21.970663
5516.409180
38310.554688
123852.054688
238281.281250
294414.562500
238281.281250
123852.054688
38310.554688
5516.409180
21.970663
0.185158
0.352865
16.242212
87.423317
5516.409180
63902.292969
296542.281250
801186.500000
1412065.500000
1698509.500000
1412065.500000
801186.500000
296542.281250
63902.292969
5516.409180
87.423317
16.242212
0.352865
1.044245
104.636948
147.677383
877.172424
38310.550781
296542.218750
1168681.375000
2892236.500000
4869846.000000
5774418.500000
4869846.000000
2892236.500000
1168681.375000
296542.218750
38310.550781
877.172424
147.677383
104.636948
1.044245
0.539468
1.148021
276.152466
173.783401
6241.218750
123852.031250
801186.437500
2892236.500000
6810198.500000
11167363.000000
13131437.000000
11167363.000000
6810198.500000
2892236.500000
801186.437500
123852.031250
6241.218750
173.783401
276.152466
1.148021
0.539468
1.145993
452.515686
272.736206
15662.600586
238281.281250
1412065.375000
4869845.000000
11167363.000000
18054306.000000
21134374.000000
18054306.000000
11167363.000000
4869845.000000
1412065.375000
238281.281250
15662.600586
272.736206
452.515686
1.145993
1.422742
528.144348
363.798370
20828.496094
294414.562500
1698509.750000
5774418.000000
13131437.000000
21134374.000000
24704628.000000
21134374.000000
13131437.000000
5774418.000000
1698509.750000
294414.562500
20828.496094
363.798370
528.144348
1.422742
1.145993
452.515686
272.736206
15662.600586
238281.281250
1412065.375000
4869845.000000
11167363.000000
18054306.000000
21134374.000000
18054306.000000
11167363.000000
4869845.000000
1412065.375000
238281.281250
15662.600586
272.736206
452.515686
1.145993
0.539468
1.148021
276.152466
173.783401
6241.218750
123852.031250
801186.437500
2892236.500000
6810198.500000
11167363.000000
13131437.000000
11167363.000000
6810198.500000
2892236.500000
801186.437500
123852.031250
6241.218750
173.783401
276.152466
1.148021
0.539468
1.044245
104.636948
147.677383
877.172424
38310.550781
296542.218750
1168681.375000
2892236.500000
4869846.000000
5774418.500000
4869846.000000
2892236.500000
1168681.375000
296542.218750
38310.550781
877.172424
147.677383
104.636948
1.044245
0.352865
16.242212
87.423317
5516.409180
63902.292969
296542.281250
801186.500000
1412065.500000
1698509.500000
1412065.500000
801186.500000
296542.281250
63902.292969
5516.409180
87.423317
16.242212
0.352865
0.185158
21.970663
5516.409180
38310.554688
123852.054688
238281.281250
294414.562500
238281.281250
123852.054688
38310.554688
5516.409180
21.970663
0.185158
0.101313
0.129007
11.426023
877.171509
6241.220703
15662.604492
20828.503906
15662.604492
6241.220703
877.171509
11.426023
0.129007
0.101313
0.128134
0.129007
21.970671
87.423355
147.677551
173.783798
272.737305
363.799652
272.737305
173.783798
147.677551
87.423355
21.970671
0.129007
0.128134
0.128134
16.242214
104.637009
276.152588
452.515686
528.144470
452.515686
276.152588
104.637009
16.242214
0.128134
0.101313
0.101313
0.185158
0.185158
0.352865
1.044245
1.148021
1.148021
1.044245
0.352865
0.539468
1.145993
1.422742
1.145993
0.539468
0.202498
0.539468
0.702955
0.539468
0.202498
0.171719
0.716726
1.238409
1.148021
0.938580
1.148021
1.238409
0.716726
0.171719
0.126993
0.126993
4.133299
51.604294
158.525360
276.152466
327.710083
276.152466
158.525360
51.604294
4.133299
10.785425
60.399204
128.588837
156.195816
173.783859
197.024811
173.783859
156.195816
128.588837
60.399204
10.785425
6.617995
61.408081
2082.849121
6241.222656
8652.535156
6241.222656
2082.849121
61.408081
6.617995
0.126993
10.785423
1962.931396
17504.277344
61815.554688
123852.054688
154902.562500
123852.054688
61815.554688
17504.277344
1962.931396
10.785423
0.126993
0.171719
4.133300
60.399189
1962.931885
30701.792969
156578.828125
443690.437500
801186.500000
971002.750000
801186.500000
443690.437500
156578.828125
30701.792969
1962.931885
60.399189
4.133300
0.171719
0.716727
51.604294
128.588730
61.407837
17504.281250
156578.828125
657891.500000
1686359.750000
2892236.500000
3449388.250000
2892236.500000
1686359.750000
657891.500000
156578.828125
17504.281250
61.407837
128.588730
51.604294
0.716727
0.202498
1.238409
158.525330
156.195526
2082.847168
61815.562500
443690.406250
1686359.375000
4088832.500000
6810198.500000
8047502.000000
6810198.500000
4088832.500000
1686359.375000
443690.406250
61815.562500
2082.847168
156.195526
158.525330
1.238409
0.202498
0.539468
1.148021
276.152466
173.783401
6241.218750
123852.031250
801186.437500
2892236.500000
6810198.500000
11167363.000000
13131437.000000
11167363.000000
6810198.500000
2892236.500000
801186.437500
123852.031250
6241.218750
173.783401
276.152466
1.148021
0.539468
0.702956
0.938580
327.709961
197.024200
8652.531250
154902.546875
971002.750000
3449388.500000
8047502.000000
13131437.000000
15416884.000000
13131437.000000
8047502.000000
3449388.500000
971002.750000
154902.546875
8652.531250
197.024200
327.709961
0.938580
0.702956
0.539468
1.148021
276.152466
173.783401
6241.218750
123852.031250
801186.437500
2892236.500000
6810198.500000
11167363.000000
13131437.000000
11167363.000000
6810198.500000
2892236.500000
801186.437500
123852.031250
6241.218750
173.783401
276.152466
1.148021
0.539468
0.202498
1.238409
158.525330
156.195526
2082.847168
61815.562500
443690.406250
1686359.375000
4088832.500000
6810198.500000
8047502.000000
6810198.500000
4088832.500000
1686359.375000
443690.406250
61815.562500
2082.847168
156.195526
158.525330
1.238409
0.202498
0.716727
51.604294
128.588730
61.407837
17504.281250
156578.828125
657891.500000
1686359.750000
2892236.500000
3449388.250000
2892236.500000
1686359.750000
657891.500000
156578.828125
17504.281250
61.407837
128.588730
51.604294
0.716727
0.171719
4.133300
60.399189
1962.931885
30701.792969
156578.828125
443690.437500
801186.500000
971002.750000
801186.500000
443690.437500
156578.828125
30701.792969
1962.931885
60.399189
4.133300
0.171719
0.126993
10.785423
1962.931396
17504.277344
61815.554688
123852.054688
154902.562500
123852.054688
61815.554688
17504.277344
1962.931396
10.785423
0.126993
6.617995
61.408081
2082.849121
6241.222656
8652.535156
6241.222656
2082.849121
61.408081
6.617995
10.785425
60.399204
128.588837
156.195816
173.783859
197.024811
173.783859
156.195816
128.588837
60.399204
10.785425
4.133299
51.604294
158.525360
276.152466
327.710083
276.152466
158.525360
51.604294
4.133299
0.126993
0.126993
0.171719
0.716726
1.238409
1.148021
0.938580
1.148021
1.238409
0.716726
0.171719
0.202498
0.539468
0.702955
0.539468
0.202498
0.137475
0.270601
0.716727
1.044246
1.129240
1.044246
0.716727
0.270601
0.154425
0.154425
10.568207
51.604286
104.636971
129.095596
104.636971
51.604286
10.568207
2.004121
25.170076
79.284714
128.588776
147.677460
154.363144
147.677460
128.588776
79.284714
25.170076
2.004121
1.452404
7.907609
61.408394
877.172974
1440.827881
877.172974
61.408394
7.907609
1.452404
2.004121
7.907607
165.728363
4022.526855
17504.281250
38310.554688
49171.253906
38310.554688
17504.281250
4022.526855
165.728363
7.907607
2.004121
0.154425
25.170069
165.728394
8038.923828
50219.187500
156578.859375
296542.250000
364720.531250
296542.250000
156578.859375
50219.187500
8038.923828
165.728394
25.170069
0.154425
0.270601
10.568208
79.284698
4022.527588
50219.187500
239826.171875
657891.687500
1168681.375000
1409221.625000
1168681.375000
657891.687500
239826.171875
50219.187500
4022.527588
79.284698
10.568208
0.270601
0.716727
51.604294
128.588730
61.407837
17504.281250
156578.828125
657891.500000
1686359.750000
2892236.500000
3449388.250000
2892236.500000
1686359.750000
657891.500000
156578.828125
17504.281250
61.407837
128.588730
51.604294
0.716727
1.044245
104.636948
147.677383
877.172424
38310.550781
296542.218750
1168681.375000
2892236.500000
4869846.000000
5774418.500000
4869846.000000
2892236.500000
1168681.375000
296542.218750
38310.550781
877.172424
147.677383
104.636948
1.044245
0.137475
1.129240
129.095551
154.362961
1440.828491
49171.246094
364720.500000
1409221.875000
3449387.750000
5774417.500000
6834540.000000
5774417.500000
3449387.750000
1409221.875000
364720.500000
49171.246094
1440.828491
154.362961
129.095551
1.129240
0.137475
1.044245
104.636948
147.677383
877.172424
38310.550781
296542.218750
1168681.375000
2892236.500000
4869846.000000
5774418.500000
4869846.000000
2892236.500000
1168681.375000
296542.218750
38310.550781
877.172424
147.677383
104.636948
1.044245
0.716727
51.604294
128.588730
61.407837
17504.281250
156578.828125
657891.500000
1686359.750000
2892236.500000
3449388.250000
2892236.500000
1686359.750000
657891.500000
156578.828125
17504.281250
61.407837
128.588730
51.604294
0.716727
0.270601
10.568208
79.284698
4022.527588
50219.187500
239826.171875
657891.687500
1168681.375000
1409221.625000
1168681.375000
657891.687500
239826.171875
50219.187500
4022.527588
79.284698
10.568208
0.270601
0.154425
25.170069
165.728394
8038.923828
50219.187500
156578.859375
296542.250000
364720.531250
296542.250000
156578.859375
50219.187500
8038.923828
165.728394
25.170069
0.154425
2.004121
7.907607
165.728363
4022.526855
17504.281250
38310.554688
49171.253906
38310.554688
17504.281250
4022.526855
165.728363
7.907607
2.004121
1.452404
7.907609
61.408394
877.172974
1440.827881
877.172974
61.408394
7.907609
1.452404
2.004121
25.170076
79.284714
128.588776
147.677460
154.363144
147.677460
128.588776
79.284714
25.170076
2.004121
10.568207
51.604286
104.636971
129.095596
104.636971
51.604286
10.568207
0.154425
0.154425
0.270601
0.716727
1.044246
1.129240
1.044246
0.716727
0.270601
0.137475
0.171719
0.352865
0.428455
0.352865
0.171719
0.154425
0.154425
4.133297
16.242216
22.580124
16.242216
4.133297
4.164412
25.170069
60.399189
87.423325
96.817215
87.423325
60.399189
25.170069
4.164412
2.922261
6.366583
6.366583
2.922261
2.922261
165.728470
1962.931763
5516.410156
7563.028320
5516.410156
1962.931763
165.728470
2.922261
4.164412
6.366581
727.987549
8038.924316
30701.794922
63902.292969
80862.617188
63902.292969
30701.794922
8038.924316
727.987549
6.366581
4.164412
0.154425
25.170069
165.728394
8038.923828
50219.187500
156578.859375
296542.250000
364720.531250
296542.250000
156578.859375
50219.187500
8038.923828
165.728394
25.170069
0.154425
0.171719
4.133300
60.399189
1962.931885
30701.792969
156578.828125
443690.437500
801186.500000
971002.750000
801186.500000
443690.437500
156578.828125
30701.792969
1962.931885
60.399189
4.133300
0.171719
0.352865
16.242212
87.423317
5516.409180
63902.292969
296542.281250
801186.500000
1412065.500000
1698509.500000
1412065.500000
801186.500000
296542.281250
63902.292969
5516.409180
87.423317
16.242212
0.352865
0.428455
22.580116
96.817169
7563.027344
80862.609375
364720.531250
971002.687500
1698509.500000
2038268.500000
1698509.500000
971002.687500
364720.531250
80862.609375
7563.027344
96.817169
22.580116
0.428455
0.352865
16.242212
87.423317
5516.409180
63902.292969
296542.281250
801186.500000
1412065.500000
1698509.500000
1412065.500000
801186.500000
296542.281250
63902.292969
5516.409180
87.423317
16.242212
0.352865
0.171719
4.133300
60.399189
1962.931885
30701.792969
156578.828125
443690.437500
801186.500000
971002.750000
801186.500000
443690.437500
156578.828125
30701.792969
1962.931885
60.399189
4.133300
0.171719
0.154425
25.170069
165.728394
8038.923828
50219.187500
156578.859375
296542.250000
364720.531250
296542.250000
156578.859375
50219.187500
8038.923828
165.728394
25.170069
0.154425
4.164412
6.366581
727.987549
8038.924316
30701.794922
63902.292969
80862.617188
63902.292969
30701.794922
8038.924316
727.987549
6.366581
4.164412
2.922261
165.728470
1962.931763
5516.410156
7563.028320
5516.410156
1962.931763
165.728470
2.922261
2.922261
6.366583
6.366583
2.922261
4.164412
25.170069
60.399189
87.423325
96.817215
87.423325
60.399189
25.170069
4.164412
4.133297
16.242216
22.580124
16.242216
4.133297
0.154425
0.154425
0.171719
0.352865
0.428455
0.352865
0.171719
0.126993
0.185158
0.189908
0.185158
0.126993
2.004121
10.785424
21.970671
26.723995
21.970671
10.785424
2.004121
2.922260
7.907602
7.907602
2.922260
2.053210
32.553505
2.053210
2.922261
165.728470
1962.931763
5516.410156
7563.028320
5516.410156
1962.931763
165.728470
2.922261
2.004121
7.907607
165.728363
4022.526855
17504.281250
38310.554688
49171.253906
38310.554688
17504.281250
4022.526855
165.728363
7.907607
2.004121
0.126993
10.785423
1962.931396
17504.277344
61815.554688
123852.054688
154902.562500
123852.054688
61815.554688
17504.277344
1962.931396
10.785423
0.126993
0.185158
21.970663
5516.409180
38310.554688
123852.054688
238281.281250
294414.562500
238281.281250
123852.054688
38310.554688
5516.409180
21.970663
0.185158
0.189908
26.723986
32.553635
7563.028320
49171.253906
154902.593750
294414.562500
362436.375000
294414.562500
154902.593750
49171.253906
7563.028320
32.553635
26.723986
0.189908
0.185158
21.970663
5516.409180
38310.554688
123852.054688
238281.281250
294414.562500
238281.281250
123852.054688
38310.554688
5516.409180
21.970663
0.185158
0.126993
10.785423
1962.931396
17504.277344
61815.554688
123852.054688
154902.562500
123852.054688
61815.554688
17504.277344
1962.931396
10.785423
0.126993
2.004121
7.907607
165.728363
4022.526855
17504.281250
38310.554688
49171.253906
38310.554688
17504.281250
4022.526855
165.728363
7.907607
2.004121
2.922261
165.728470
1962.931763
5516.410156
7563.028320
5516.410156
1962.931763
165.728470
2.922261
2.053210
32.553505
2.053210
2.922260
7.907602
7.907602
2.922260
2.004121
10.785424
21.970671
26.723995
21.970671
10.785424
2.004121
0.126993
0.185158
0.189908
0.185158
0.126993
0.101313
0.101313
0.129006
0.669474
0.129006
1.452403
6.617995
11.426027
12.799697
11.426027
6.617995
1.452403
2.922260
7.907602
7.907602
2.922260
2.922261
6.366583
6.366583
2.922261
1.452404
7.907609
61.408394
877.172974
1440.827881
877.172974
61.408394
7.907609
1.452404
6.617995
61.408081
2082.849121
6241.222656
8652.535156
6241.222656
2082.849121
61.408081
6.617995
0.101313
0.129007
11.426023
877.171509
6241.220703
15662.604492
20828.503906
15662.604492
6241.220703
877.171509
11.426023
0.129007
0.101313
0.669473
12.799694
1440.827759
8652.534180
20828.509766
27404.937500
20828.509766
8652.534180
1440.827759
12.799694
0.669473
0.101313
0.129007
11.426023
877.171509
6241.220703
15662.604492
20828.503906
15662.604492
6241.220703
877.171509
11.426023
0.129007
0.101313
6.617995
61.408081
2082.849121
6241.222656
8652.535156
6241.222656
2082.849121
61.408081
6.617995
1.452404
7.907609
61.408394
877.172974
1440.827881
877.172974
61.408394
7.907609
1.452404
2.922261
6.366583
6.366583
2.922261
2.922260
7.907602
7.907602
2.922260
1.452403
6.617995
11.426027
12.799697
11.426027
6.617995
1.452403
0.129006
0.669474
0.129006
0.101313
0.101313
0.128134
0.137123
0.128134
0.129006
0.669474
0.129006
2.004121
10.785424
21.970671
26.723995
21.970671
10.785424
2.004121
4.164412
25.170069
60.399189
87.423325
96.817215
87.423325
60.399189
25.170069
4.164412
2.004121
25.170076
79.284714
128.588776
147.677460
154.363144
147.677460
128.588776
79.284714
25.170076
2.004121
10.785425
60.399204
128.588837
156.195816
173.783859
197.024811
173.783859
156.195816
128.588837
60.399204
10.785425
0.128134
0.129007
21.970671
87.423355
147.677551
173.783798
272.737305
363.799652
272.737305
173.783798
147.677551
87.423355
21.970671
0.129007
0.128134
0.137123
0.669473
26.723993
96.817223
154.363129
197.024857
363.799347
501.882202
363.799347
197.024857
154.363129
96.817223
26.723993
0.669473
0.137123
0.128134
0.129007
21.970671
87.423355
147.677551
173.783798
272.737305
363.799652
272.737305
173.783798
147.677551
87.423355
21.970671
0.129007
0.128134
10.785425
60.399204
128.588837
156.195816
173.783859
197.024811
173.783859
156.195816
128.588837
60.399204
10.785425
2.004121
25.170076
79.284714
128.588776
147.677460
154.363144
147.677460
128.588776
79.284714
25.170076
2.004121
4.164412
25.170069
60.399189
87.423325
96.817215
87.423325
60.399189
25.170069
4.164412
2.004121
10.785424
21.970671
26.723995
21.970671
10.785424
2.004121
0.129006
0.669474
0.129006
0.128134
0.137123
0.128134
0.128134
0.137123
0.128134
4.133297
16.242216
22.580124
16.242216
4.133297
10.568207
51.604286
104.636971
129.095596
104.636971
51.604286
10.568207
4.133299
51.604294
158.525360
276.152466
327.710083
276.152466
158.525360
51.604294
4.133299
0.128134
16.242214
104.637009
276.152588
452.515686
528.144470
452.515686
276.152588
104.637009
16.242214
0.128134
0.137123
22.580132
129.095627
327.710083
528.144470
613.657227
528.144470
327.710083
129.095627
22.580132
0.137123
0.128134
16.242214
104.637009
276.152588
452.515686
528.144470
452.515686
276.152588
104.637009
16.242214
0.128134
4.133299
51.604294
158.525360
276.152466
327.710083
276.152466
158.525360
51.604294
4.133299
10.568207
51.604286
104.636971
129.095596
104.636971
51.604286
10.568207
4.133297
16.242216
22.580124
16.242216
4.133297
0.128134
0.137123
0.128134
0.101313
0.101313
0.101313
0.101313
0.101313
0.101313
0.101313
0.101313
0.126993
0.185158
0.189908
0.185158
0.126993
0.154425
0.154425
0.154425
0.154425
0.126993
0.126993
0.185158
0.185158
0.189908
0.189908
0.185158
0.185158
0.126993
0.126993
0.154425
0.154425
0.154425
0.154425
0.126993
0.185158
0.189908
0.185158
0.126993
0.171719
0.352865
0.428455
0.352865
0.171719
0.270601
0.716727
1.044246
1.129240
1.044246
0.716727
0.270601
0.171719
0.716726
1.238409
1.148021
0.938580
1.148021
1.238409
0.716726
0.171719
0.352865
1.044245
1.148021
1.148021
1.044245
0.352865
0.428455
1.129240
0.938581
0.938581
1.129240
0.428455
0.352865
1.044245
1.148021
1.148021
1.044245
0.352865
0.171719
0.716726
1.238409
1.148021
0.938580
1.148021
1.238409
0.716726
0.171719
0.270601
0.716727
1.044246
1.129240
1.044246
0.716727
0.270601
0.171719
0.352865
0.428455
0.352865
0.171719
0.137475
0.202498
0.539468
0.702955
0.539468
0.202498
0.539468
1.145993
1.422742
1.145993
0.539468
0.137475
0.702955
1.422742
1.745093
1.422742
0.702955
0.137475
0.539468
1.145993
1.422742
1.145993
0.539468
0.202498
0.539468
0.702955
0.539468
0.202498
0.137475
