Reference code info: nt=110    dt=9.057110e-04

******************************************************
Performance results
******************************************************
CPU EXECUTION TIME OF TIME LOOP = 17.8206
Total memory allocation ~ 4271 MBytes
time/test(s)     : 1.782063e+01

MStencil/s : 20.254287  
******************************************************
0.104721
0.168767
0.531337
0.715301
0.531337
0.168767
0.531337
1.227871
1.558443
1.227871
0.531337
0.104721
0.715301
1.558443
1.951114
1.558443
0.715301
0.104721
0.531337
1.227871
1.558443
1.227871
0.531337
0.168767
0.531337
0.715301
0.531337
0.168767
0.104721
0.181851
0.395252
0.489039
0.395252
0.181851
0.297091
0.858630
1.347650
1.504907
1.347650
0.858630
0.297091
0.181851
0.858630
1.703651
1.950756
1.868776
1.950756
1.703651
0.858630
0.181851
0.395252
1.347650
1.950756
1.280918
0.648237
1.280918
1.950756
1.347650
0.395252
0.489039
1.504907
1.868775
0.648238
0.648238
1.868775
1.504907
0.489039
0.395252
1.347650
1.950756
1.280918
0.648237
1.280918
1.950756
1.347650
0.395252
0.181851
0.858630
1.703651
1.950756
1.868776
1.950756
1.703651
0.858630
0.181851
0.297091
0.858630
1.347650
1.504907
1.347650
0.858630
0.297091
0.181851
0.395252
0.489039
0.395252
0.181851
0.143150
0.227817
0.244301
0.227817
0.143150
0.197786
0.197786
0.197786
0.197786
0.143150
0.143150
0.227817
0.227817
0.244301
0.244301
0.227817
0.227817
0.143150
0.143150
0.197786
0.197786
0.197786
0.197786
0.143150
0.227817
0.244301
0.227817
0.143150
0.124971
0.124267
0.124971
0.124971
0.124971
0.124267
0.124267
0.124971
0.124971
0.124971
0.124267
0.124971
0.149098
0.165298
0.149098
2.151831
14.432601
21.222553
14.432601
2.151831
8.577640
53.266785
115.551575
145.260193
115.551575
53.266785
8.577640
2.151830
53.266792
181.048767
331.655243
399.778259
331.655243
181.048767
53.266792
2.151830
0.149098
14.432595
115.551590
331.655273
569.715088
675.058838
569.715088
331.655273
115.551590
14.432595
0.149098
0.165298
21.222553
145.260208
399.778351
675.058960
796.220032
675.058960
399.778351
145.260208
21.222553
0.165298
0.149098
14.432595
115.551590
331.655273
569.715088
675.058838
569.715088
331.655273
115.551590
14.432595
0.149098
2.151830
53.266792
181.048767
331.655243
399.778259
331.655243
181.048767
53.266792
2.151830
8.577640
53.266785
115.551575
145.260193
115.551575
53.266785
8.577640
2.151831
14.432601
21.222553
14.432601
2.151831
0.149098
0.165298
0.149098
0.149098
0.165298
0.149098
0.255122
1.801183
11.373596
24.575336
30.456406
24.575336
11.373596
1.801183
4.179581
28.673143
74.980042
116.272415
132.038528
116.272415
74.980042
28.673143
4.179581
1.801182
28.673141
102.073807
190.140320
247.611008
270.066284
247.611008
190.140320
102.073807
28.673141
1.801182
11.373595
74.980064
190.140259
290.476288
370.567596
419.612396
370.567596
290.476288
190.140259
74.980064
11.373595
0.149098
24.575333
116.272461
247.610992
370.567352
552.073486
680.032654
552.073486
370.567352
247.610992
116.272461
24.575333
0.149098
0.165298
0.255120
30.456396
132.038559
270.066132
419.611816
680.032227
861.820801
680.032227
419.611816
270.066132
132.038559
30.456396
0.255120
0.165298
0.149098
24.575333
116.272461
247.610992
370.567352
552.073486
680.032654
552.073486
370.567352
247.610992
116.272461
24.575333
0.149098
11.373595
74.980064
190.140259
290.476288
370.567596
419.612396
370.567596
290.476288
190.140259
74.980064
11.373595
1.801182
28.673141
102.073807
190.140320
247.611008
270.066284
247.611008
190.140320
102.073807
28.673141
1.801182
4.179581
28.673143
74.980042
116.272415
132.038528
116.272415
74.980042
28.673143
4.179581
1.801183
11.373596
24.575336
30.456406
24.575336
11.373596
1.801183
0.255122
0.149098
0.165298
0.149098
0.124971
0.124267
0.124971
0.255123
1.313454
7.031195
13.104752
15.101831
13.104752
7.031195
1.313454
3.076808
10.037251
4.110487
4.110487
10.037251
3.076808
3.076808
9.265444
9.265444
3.076808
1.313453
10.037251
6.065796
815.659790
1405.327881
815.659790
6.065796
10.037251
1.313453
7.031193
4.110497
6.065948
2069.761230
6576.799316
9262.122070
6576.799316
2069.761230
6.065948
4.110497
7.031193
0.124971
13.104748
815.660339
6576.802246
17148.480469
23072.673828
17148.480469
6576.802246
815.660339
13.104748
0.124971
0.124267
0.255122
15.101832
1405.327515
9262.125000
23072.675781
30686.097656
23072.675781
9262.125000
1405.327515
15.101832
0.255122
0.124267
0.124971
13.104748
815.660339
6576.802246
17148.480469
23072.673828
17148.480469
6576.802246
815.660339
13.104748
0.124971
7.031193
4.110497
6.065948
2069.761230
6576.799316
9262.122070
6576.799316
2069.761230
6.065948
4.110497
7.031193
1.313453
10.037251
6.065796
815.659790
1405.327881
815.659790
6.065796
10.037251
1.313453
3.076808
9.265444
9.265444
3.076808
3.076808
10.037251
4.110487
4.110487
10.037251
3.076808
1.313454
7.031195
13.104752
15.101831
13.104752
7.031195
1.313454
0.255123
0.124971
0.124267
0.124971
0.143150
0.227817
0.244302
0.227817
0.143150
1.801184
11.373600
24.575336
30.456404
24.575336
11.373600
1.801184
3.076809
10.037251
4.110474
4.110474
10.037251
3.076809
2.248938
2.248938
3.076809
122.532791
1996.792725
5889.649414
8186.750488
5889.649414
1996.792725
122.532791
3.076809
1.801184
10.037260
122.532700
4269.460938
19548.267578
43876.054688
56790.988281
43876.054688
19548.267578
4269.460938
122.532700
10.037260
1.801184
0.143150
11.373598
4.110514
1996.791748
19548.267578
71799.945312
147034.328125
185259.078125
147034.328125
71799.945312
19548.267578
1996.791748
4.110514
11.373598
0.143150
0.227817
24.575333
5889.646484
43876.050781
147034.312500
288776.218750
359304.968750
288776.218750
147034.312500
43876.050781
5889.646484
24.575333
0.227817
0.244302
30.456406
8186.750000
56790.984375
185259.109375
359305.000000
445362.250000
359305.000000
185259.109375
56790.984375
8186.750000
30.456406
0.244302
0.227817
24.575333
5889.646484
43876.050781
147034.312500
288776.218750
359304.968750
288776.218750
147034.312500
43876.050781
5889.646484
24.575333
0.227817
0.143150
11.373598
4.110514
1996.791748
19548.267578
71799.945312
147034.328125
185259.078125
147034.328125
71799.945312
19548.267578
1996.791748
4.110514
11.373598
0.143150
1.801184
10.037260
122.532700
4269.460938
19548.267578
43876.054688
56790.988281
43876.054688
19548.267578
4269.460938
122.532700
10.037260
1.801184
3.076809
122.532791
1996.792725
5889.649414
8186.750488
5889.649414
1996.792725
122.532791
3.076809
2.248938
2.248938
3.076809
10.037251
4.110474
4.110474
10.037251
3.076809
1.801184
11.373600
24.575336
30.456404
24.575336
11.373600
1.801184
0.143150
0.227817
0.244302
0.227817
0.143150
0.181851
0.395253
0.489039
0.395253
0.181851
0.197786
0.197786
2.151836
14.432602
21.222555
14.432602
2.151836
4.179583
28.673151
74.980049
116.272415
132.038498
116.272415
74.980049
28.673151
4.179583
3.076808
9.265452
9.265452
3.076808
3.076808
122.532631
1996.792480
5889.649414
8186.749023
5889.649414
1996.792480
122.532631
3.076808
4.179583
9.265454
725.992920
8864.980469
35174.855469
74796.507812
95347.156250
74796.507812
35174.855469
8864.980469
725.992920
9.265454
4.179583
0.197786
28.673153
122.532669
8864.981445
58473.695312
188242.609375
363390.750000
449876.281250
363390.750000
188242.609375
58473.695312
8864.981445
122.532669
28.673153
0.197786
0.181851
2.151830
74.980064
1996.791992
35174.851562
188242.578125
550067.062500
1011855.875000
1234107.250000
1011855.875000
550067.062500
188242.578125
35174.851562
1996.791992
74.980064
2.151830
0.181851
0.395252
14.432590
116.272461
5889.645996
74796.492188
363390.718750
1011855.875000
1816226.500000
2198300.250000
1816226.500000
1011855.875000
363390.718750
74796.492188
5889.645996
116.272461
14.432590
0.395252
0.489039
21.222542
132.038574
8186.746582
95347.140625
449876.250000
1234107.000000
2198299.500000
2654419.000000
2198299.500000
1234107.000000
449876.250000
95347.140625
8186.746582
132.038574
21.222542
0.489039
0.395252
14.432590
116.272461
5889.645996
74796.492188
363390.718750
1011855.875000
1816226.500000
2198300.250000
1816226.500000
1011855.875000
363390.718750
74796.492188
5889.645996
116.272461
14.432590
0.395252
0.181851
2.151830
74.980064
1996.791992
35174.851562
188242.578125
550067.062500
1011855.875000
1234107.250000
1011855.875000
550067.062500
188242.578125
35174.851562
1996.791992
74.980064
2.151830
0.181851
0.197786
28.673153
122.532669
8864.981445
58473.695312
188242.609375
363390.750000
449876.281250
363390.750000
188242.609375
58473.695312
8864.981445
122.532669
28.673153
0.197786
4.179583
9.265454
725.992920
8864.980469
35174.855469
74796.507812
95347.156250
74796.507812
35174.855469
8864.980469
725.992920
9.265454
4.179583
3.076808
122.532631
1996.792480
5889.649414
8186.749023
5889.649414
1996.792480
122.532631
3.076808
3.076808
9.265452
9.265452
3.076808
4.179583
28.673151
74.980049
116.272415
132.038498
116.272415
74.980049
28.673151
4.179583
2.151836
14.432602
21.222555
14.432602
2.151836
0.197786
0.197786
0.181851
0.395253
0.489039
0.395253
0.181851
0.104721
0.297091
0.858630
1.347650
1.504908
1.347650
0.858630
0.297091
0.197786
0.197786
8.577642
53.266788
115.551590
145.260193
115.551590
53.266788
8.577642
1.801183
28.673147
102.073784
190.140167
247.610794
270.065887
247.610794
190.140167
102.073784
28.673147
1.801183
1.313453
10.037253
6.065430
815.658875
1405.326660
815.658875
6.065430
10.037253
1.313453
1.801183
10.037258
122.532661
4269.460938
19548.267578
43876.054688
56790.984375
43876.054688
19548.267578
4269.460938
122.532661
10.037258
1.801183
0.197786
28.673147
122.532707
8864.980469
58473.695312
188242.609375
363390.750000
449876.250000
363390.750000
188242.609375
58473.695312
8864.980469
122.532707
28.673147
0.197786
0.297091
8.577641
102.073822
4269.460938
58473.695312
292248.500000
826105.000000
1494469.000000
1813309.750000
1494469.000000
826105.000000
292248.500000
58473.695312
4269.460938
102.073822
8.577641
0.297091
0.858630
53.266800
190.140289
6.065163
19548.269531
188242.609375
826104.937500
2181074.750000
3808713.250000
4570406.000000
3808713.250000
2181074.750000
826104.937500
188242.609375
19548.269531
6.065163
190.140289
53.266800
0.858630
1.347650
115.551559
247.610947
815.658020
43876.042969
363390.718750
1494469.000000
3808713.500000
6529108.000000
7789423.500000
6529108.000000
3808713.500000
1494469.000000
363390.718750
43876.042969
815.658020
247.610947
115.551559
1.347650
0.104721
1.504908
145.260178
270.066040
1405.325195
56790.972656
449876.187500
1813309.750000
4570406.500000
7789422.000000
9276037.000000
7789422.000000
4570406.500000
1813309.750000
449876.187500
56790.972656
1405.325195
270.066040
145.260178
1.504908
0.104721
1.347650
115.551559
247.610947
815.658020
43876.042969
363390.718750
1494469.000000
3808713.500000
6529108.000000
7789423.500000
6529108.000000
3808713.500000
1494469.000000
363390.718750
43876.042969
815.658020
247.610947
115.551559
1.347650
0.858630
53.266800
190.140289
6.065163
19548.269531
188242.609375
826104.937500
2181074.750000
3808713.250000
4570406.000000
3808713.250000
2181074.750000
826104.937500
188242.609375
19548.269531
6.065163
190.140289
53.266800
0.858630
0.297091
8.577641
102.073822
4269.460938
58473.695312
292248.500000
826105.000000
1494469.000000
1813309.750000
1494469.000000
826105.000000
292248.500000
58473.695312
4269.460938
102.073822
8.577641
0.297091
0.197786
28.673147
122.532707
8864.980469
58473.695312
188242.609375
363390.750000
449876.250000
363390.750000
188242.609375
58473.695312
8864.980469
122.532707
28.673147
0.197786
1.801183
10.037258
122.532661
4269.460938
19548.267578
43876.054688
56790.984375
43876.054688
19548.267578
4269.460938
122.532661
10.037258
1.801183
1.313453
10.037253
6.065430
815.658875
1405.326660
815.658875
6.065430
10.037253
1.313453
1.801183
28.673147
102.073784
190.140167
247.610794
270.065887
247.610794
190.140167
102.073784
28.673147
1.801183
8.577642
53.266788
115.551590
145.260193
115.551590
53.266788
8.577642
0.197786
0.197786
0.297091
0.858630
1.347650
1.504908
1.347650
0.858630
0.297091
0.104721
0.168767
0.531337
0.715301
0.531337
0.168767
0.181851
0.858630
1.703651
1.950756
1.868775
1.950756
1.703651
0.858630
0.181851
0.143150
0.143150
2.151837
53.266785
181.048737
331.655121
399.778168
331.655121
181.048737
53.266785
2.151837
11.373599
74.980042
190.140167
290.475861
370.566650
419.611084
370.566650
290.475861
190.140167
74.980042
11.373599
7.031194
4.110483
6.065414
2069.759033
6576.797363
9262.119141
6576.797363
2069.759033
6.065414
4.110483
7.031194
0.143150
11.373598
4.110498
1996.792236
19548.269531
71799.945312
147034.312500
185259.093750
147034.312500
71799.945312
19548.269531
1996.792236
4.110498
11.373598
0.143150
0.181851
2.151833
74.980057
1996.792236
35174.855469
188242.609375
550067.062500
1011855.750000
1234107.125000
1011855.750000
550067.062500
188242.609375
35174.855469
1996.792236
74.980057
2.151833
0.181851
0.858630
53.266792
190.140305
6.065117
19548.265625
188242.609375
826104.937500
2181074.750000
3808713.000000
4570405.500000
3808713.000000
2181074.750000
826104.937500
188242.609375
19548.265625
6.065117
190.140305
53.266792
0.858630
0.168767
1.703652
181.048782
290.476135
2069.758545
71799.945312
550067.062500
2181074.750000
5446054.500000
9235354.000000
10980450.000000
9235354.000000
5446054.500000
2181074.750000
550067.062500
71799.945312
2069.758545
290.476135
181.048782
1.703652
0.168767
0.531337
1.950757
331.655243
370.566772
6576.795410
147034.312500
1011855.625000
3808713.000000
9235356.000000
15419746.000000
18243846.000000
15419746.000000
9235356.000000
3808713.000000
1011855.625000
147034.312500
6576.795410
370.566772
331.655243
1.950757
0.531337
0.715301
1.868776
399.778290
419.610992
9262.118164
185259.093750
1234107.000000
4570405.500000
10980451.000000
18243846.000000
21551920.000000
18243846.000000
10980451.000000
4570405.500000
1234107.000000
185259.093750
9262.118164
419.610992
399.778290
1.868776
0.715301
0.531337
1.950757
331.655243
370.566772
6576.795410
147034.312500
1011855.625000
3808713.000000
9235356.000000
15419746.000000
18243846.000000
15419746.000000
9235356.000000
3808713.000000
1011855.625000
147034.312500
6576.795410
370.566772
331.655243
1.950757
0.531337
0.168767
1.703652
181.048782
290.476135
2069.758545
71799.945312
550067.062500
2181074.750000
5446054.500000
9235354.000000
10980450.000000
9235354.000000
5446054.500000
2181074.750000
550067.062500
71799.945312
2069.758545
290.476135
181.048782
1.703652
0.168767
0.858630
53.266792
190.140305
6.065117
19548.265625
188242.609375
826104.937500
2181074.750000
3808713.000000
4570405.500000
3808713.000000
2181074.750000
826104.937500
188242.609375
19548.265625
6.065117
190.140305
53.266792
0.858630
0.181851
2.151833
74.980057
1996.792236
35174.855469
188242.609375
550067.062500
1011855.750000
1234107.125000
1011855.750000
550067.062500
188242.609375
35174.855469
1996.792236
74.980057
2.151833
0.181851
0.143150
11.373598
4.110498
1996.792236
19548.269531
71799.945312
147034.312500
185259.093750
147034.312500
71799.945312
19548.269531
1996.792236
4.110498
11.373598
0.143150
7.031194
4.110483
6.065414
2069.759033
6576.797363
9262.119141
6576.797363
2069.759033
6.065414
4.110483
7.031194
11.373599
74.980042
190.140167
290.475861
370.566650
419.611084
370.566650
290.475861
190.140167
74.980042
11.373599
2.151837
53.266785
181.048737
331.655121
399.778168
331.655121
181.048737
53.266785
2.151837
0.143150
0.143150
0.181851
0.858630
1.703651
1.950756
1.868775
1.950756
1.703651
0.858630
0.181851
0.168767
0.531337
0.715301
0.531337
0.168767
0.531337
1.227871
1.558443
1.227871
0.531337
0.395253
1.347650
1.950755
1.280916
0.648236
1.280916
1.950755
1.347650
0.395253
0.227817
0.227817
0.124971
0.124971
0.149098
14.432598
115.551552
331.655151
569.714783
675.058777
569.714783
331.655151
115.551552
14.432598
0.149098
0.149098
24.575333
116.272392
247.610855
370.566711
552.071716
680.029907
552.071716
370.566711
247.610855
116.272392
24.575333
0.149098
0.124971
13.104749
815.658691
6576.794922
17148.482422
23072.679688
17148.482422
6576.794922
815.658691
13.104749
0.124971
0.227817
24.575336
5889.647461
43876.046875
147034.296875
288776.125000
359305.000000
288776.125000
147034.296875
43876.046875
5889.647461
24.575336
0.227817
0.395252
14.432597
116.272461
5889.646484
74796.500000
363390.687500
1011855.625000
1816225.875000
2198299.250000
1816225.875000
1011855.625000
363390.687500
74796.500000
5889.646484
116.272461
14.432597
0.395252
1.347650
115.551590
247.611069
815.658081
43876.042969
363390.718750
1494468.750000
3808713.000000
6529107.000000
7789422.500000
6529107.000000
3808713.000000
1494468.750000
363390.718750
43876.042969
815.658081
247.611069
115.551590
1.347650
0.531337
1.950756
331.655243
370.566986
6576.794922
147034.296875
1011855.625000
3808713.000000
9235354.000000
15419744.000000
18243846.000000
15419744.000000
9235354.000000
3808713.000000
1011855.625000
147034.296875
6576.794922
370.566986
331.655243
1.950756
0.531337
1.227871
1.280917
569.714966
552.072266
17148.476562
288776.093750
1816225.625000
6529107.000000
15419746.000000
25386566.000000
29903692.000000
25386566.000000
15419746.000000
6529107.000000
1816225.625000
288776.093750
17148.476562
552.072266
569.714966
1.280917
1.227871
1.558443
0.648236
675.058838
680.029785
23072.671875
359305.000000
2198299.250000
7789421.000000
18243848.000000
29903692.000000
35176356.000000
29903692.000000
18243848.000000
7789421.000000
2198299.250000
359305.000000
23072.671875
680.029785
675.058838
0.648236
1.558443
1.227871
1.280917
569.714966
552.072266
17148.476562
288776.093750
1816225.625000
6529107.000000
15419746.000000
25386566.000000
29903692.000000
25386566.000000
15419746.000000
6529107.000000
1816225.625000
288776.093750
17148.476562
552.072266
569.714966
1.280917
1.227871
0.531337
1.950756
331.655243
370.566986
6576.794922
147034.296875
1011855.625000
3808713.000000
9235354.000000
15419744.000000
18243846.000000
15419744.000000
9235354.000000
3808713.000000
1011855.625000
147034.296875
6576.794922
370.566986
331.655243
1.950756
0.531337
1.347650
115.551590
247.611069
815.658081
43876.042969
363390.718750
1494468.750000
3808713.000000
6529107.000000
7789422.500000
6529107.000000
3808713.000000
1494468.750000
363390.718750
43876.042969
815.658081
247.611069
115.551590
1.347650
0.395252
14.432597
116.272461
5889.646484
74796.500000
363390.687500
1011855.625000
1816225.875000
2198299.250000
1816225.875000
1011855.625000
363390.687500
74796.500000
5889.646484
116.272461
14.432597
0.395252
0.227817
24.575336
5889.647461
43876.046875
147034.296875
288776.125000
359305.000000
288776.125000
147034.296875
43876.046875
5889.647461
24.575336
0.227817
0.124971
13.104749
815.658691
6576.794922
17148.482422
23072.679688
17148.482422
6576.794922
815.658691
13.104749
0.124971
0.149098
24.575333
116.272392
247.610855
370.566711
552.071716
680.029907
552.071716
370.566711
247.610855
116.272392
24.575333
0.149098
0.149098
14.432598
115.551552
331.655151
569.714783
675.058777
569.714783
331.655151
115.551552
14.432598
0.149098
0.124971
0.124971
0.227817
0.227817
0.395253
1.347650
1.950755
1.280916
0.648236
1.280916
1.950755
1.347650
0.395253
0.531337
1.227871
1.558443
1.227871
0.531337
0.104721
0.715301
1.558443
1.951114
1.558443
0.715301
0.104721
0.489039
1.504907
1.868775
0.648237
0.648237
1.868775
1.504907
0.489039
0.244301
0.244301
0.124267
0.124267
0.165298
21.222557
145.260193
399.778168
675.058594
796.219727
675.058594
399.778168
145.260193
21.222557
0.165298
0.165298
0.255122
30.456402
132.038528
270.065979
419.610962
680.029846
861.818237
680.029846
419.610962
270.065979
132.038528
30.456402
0.255122
0.165298
0.124267
0.255123
15.101829
1405.325439
9262.117188
23072.673828
30686.099609
23072.673828
9262.117188
1405.325439
15.101829
0.255123
0.124267
0.244302
30.456408
8186.748535
56790.976562
185259.062500
359304.937500
445362.187500
359304.937500
185259.062500
56790.976562
8186.748535
30.456408
0.244302
0.489039
21.222553
132.038589
8186.748535
95347.156250
449876.187500
1234106.875000
2198299.250000
2654418.750000
2198299.250000
1234106.875000
449876.187500
95347.156250
8186.748535
132.038589
21.222553
0.489039
0.104721
1.504907
145.260208
270.066071
1405.325073
56790.984375
449876.187500
1813309.250000
4570405.500000
7789422.500000
9276036.000000
7789422.500000
4570405.500000
1813309.250000
449876.187500
56790.984375
1405.325073
270.066071
145.260208
1.504907
0.104721
0.715301
1.868776
399.778320
419.611023
9262.118164
185259.093750
1234107.000000
4570406.000000
10980451.000000
18243846.000000
21551922.000000
18243846.000000
10980451.000000
4570406.000000
1234107.000000
185259.093750
9262.118164
419.611023
399.778320
1.868776
0.715301
1.558444
0.648237
675.058838
680.029846
23072.673828
359305.000000
2198299.250000
7789422.000000
18243846.000000
29903692.000000
35176356.000000
29903692.000000
18243846.000000
7789422.000000
2198299.250000
359305.000000
23072.673828
680.029846
675.058838
0.648237
1.558444
1.951115
796.219910
861.817871
30686.093750
445362.250000
2654418.750000
9276034.000000
21551922.000000
35176356.000000
41327136.000000
35176356.000000
21551922.000000
9276034.000000
2654418.750000
445362.250000
30686.093750
861.817871
796.219910
1.951115
1.558444
0.648237
675.058838
680.029846
23072.673828
359305.000000
2198299.250000
7789422.000000
18243846.000000
29903692.000000
35176356.000000
29903692.000000
18243846.000000
7789422.000000
2198299.250000
359305.000000
23072.673828
680.029846
675.058838
0.648237
1.558444
0.715301
1.868776
399.778320
419.611023
9262.118164
185259.093750
1234107.000000
4570406.000000
10980451.000000
18243846.000000
21551922.000000
18243846.000000
10980451.000000
4570406.000000
1234107.000000
185259.093750
9262.118164
419.611023
399.778320
1.868776
0.715301
0.104721
1.504907
145.260208
270.066071
1405.325073
56790.984375
449876.187500
1813309.250000
4570405.500000
7789422.500000
9276036.000000
7789422.500000
4570405.500000
1813309.250000
449876.187500
56790.984375
1405.325073
270.066071
145.260208
1.504907
0.104721
0.489039
21.222553
132.038589
8186.748535
95347.156250
449876.187500
1234106.875000
2198299.250000
2654418.750000
2198299.250000
1234106.875000
449876.187500
95347.156250
8186.748535
132.038589
21.222553
0.489039
0.244302
30.456408
8186.748535
56790.976562
185259.062500
359304.937500
445362.187500
359304.937500
185259.062500
56790.976562
8186.748535
30.456408
0.244302
0.124267
0.255123
15.101829
1405.325439
9262.117188
23072.673828
30686.099609
23072.673828
9262.117188
1405.325439
15.101829
0.255123
0.124267
0.165298
0.255122
30.456402
132.038528
270.065979
419.610962
680.029846
861.818237
680.029846
419.610962
270.065979
132.038528
30.456402
0.255122
0.165298
0.165298
21.222557
145.260193
399.778168
675.058594
796.219727
675.058594
399.778168
145.260193
21.222557
0.165298
0.124267
0.124267
0.244301
0.244301
0.489039
1.504907
1.868775
0.648237
0.648237
1.868775
1.504907
0.489039
0.104721
0.715301
1.558443
1.951114
1.558443
0.715301
0.104721
0.531337
1.227871
1.558443
1.227871
0.531337
0.395253
1.347650
1.950755
1.280916
0.648236
1.280916
1.950755
1.347650
0.395253
0.227817
0.227817
0.124971
0.124971
0.149098
14.432598
115.551552
331.655151
569.714783
675.058777
569.714783
331.655151
115.551552
14.432598
0.149098
0.149098
24.575333
116.272392
247.610855
370.566711
552.071716
680.029907
552.071716
370.566711
247.610855
116.272392
24.575333
0.149098
0.124971
13.104749
815.658691
6576.794922
17148.482422
23072.679688
17148.482422
6576.794922
815.658691
13.104749
0.124971
0.227817
24.575336
5889.647461
43876.046875
147034.296875
288776.125000
359305.000000
288776.125000
147034.296875
43876.046875
5889.647461
24.575336
0.227817
0.395252
14.432597
116.272461
5889.646484
74796.500000
363390.687500
1011855.625000
1816225.875000
2198299.250000
1816225.875000
1011855.625000
363390.687500
74796.500000
5889.646484
116.272461
14.432597
0.395252
1.347650
115.551590
247.611069
815.658081
43876.042969
363390.718750
1494468.750000
3808713.000000
6529107.000000
7789422.500000
6529107.000000
3808713.000000
1494468.750000
363390.718750
43876.042969
815.658081
247.611069
115.551590
1.347650
0.531337
1.950756
331.655243
370.566986
6576.794922
147034.296875
1011855.625000
3808713.000000
9235354.000000
15419744.000000
18243846.000000
15419744.000000
9235354.000000
3808713.000000
1011855.625000
147034.296875
6576.794922
370.566986
331.655243
1.950756
0.531337
1.227871
1.280917
569.714966
552.072266
17148.476562
288776.093750
1816225.625000
6529107.000000
15419746.000000
25386566.000000
29903692.000000
25386566.000000
15419746.000000
6529107.000000
1816225.625000
288776.093750
17148.476562
552.072266
569.714966
1.280917
1.227871
1.558443
0.648236
675.058838
680.029785
23072.671875
359305.000000
2198299.250000
7789421.000000
18243848.000000
29903692.000000
35176356.000000
29903692.000000
18243848.000000
7789421.000000
2198299.250000
359305.000000
23072.671875
680.029785
675.058838
0.648236
1.558443
1.227871
1.280917
569.714966
552.072266
17148.476562
288776.093750
1816225.625000
6529107.000000
15419746.000000
25386566.000000
29903692.000000
25386566.000000
15419746.000000
6529107.000000
1816225.625000
288776.093750
17148.476562
552.072266
569.714966
1.280917
1.227871
0.531337
1.950756
331.655243
370.566986
6576.794922
147034.296875
1011855.625000
3808713.000000
9235354.000000
15419744.000000
18243846.000000
15419744.000000
9235354.000000
3808713.000000
1011855.625000
147034.296875
6576.794922
370.566986
331.655243
1.950756
0.531337
1.347650
115.551590
247.611069
815.658081
43876.042969
363390.718750
1494468.750000
3808713.000000
6529107.000000
7789422.500000
6529107.000000
3808713.000000
1494468.750000
363390.718750
43876.042969
815.658081
247.611069
115.551590
1.347650
0.395252
14.432597
116.272461
5889.646484
74796.500000
363390.687500
1011855.625000
1816225.875000
2198299.250000
1816225.875000
1011855.625000
363390.687500
74796.500000
5889.646484
116.272461
14.432597
0.395252
0.227817
24.575336
5889.647461
43876.046875
147034.296875
288776.125000
359305.000000
288776.125000
147034.296875
43876.046875
5889.647461
24.575336
0.227817
0.124971
13.104749
815.658691
6576.794922
17148.482422
23072.679688
17148.482422
6576.794922
815.658691
13.104749
0.124971
0.149098
24.575333
116.272392
247.610855
370.566711
552.071716
680.029907
552.071716
370.566711
247.610855
116.272392
24.575333
0.149098
0.149098
14.432598
115.551552
331.655151
569.714783
675.058777
569.714783
331.655151
115.551552
14.432598
0.149098
0.124971
0.124971
0.227817
0.227817
0.395253
1.347650
1.950755
1.280916
0.648236
1.280916
1.950755
1.347650
0.395253
0.531337
1.227871
1.558443
1.227871
0.531337
0.168767
0.531337
0.715301
0.531337
0.168767
0.181851
0.858630
1.703651
1.950756
1.868775
1.950756
1.703651
0.858630
0.181851
0.143150
0.143150
2.151837
53.266785
181.048737
331.655121
399.778168
331.655121
181.048737
53.266785
2.151837
11.373599
74.980042
190.140167
290.475861
370.566650
419.611084
370.566650
290.475861
190.140167
74.980042
11.373599
7.031194
4.110483
6.065414
2069.759033
6576.797363
9262.119141
6576.797363
2069.759033
6.065414
4.110483
7.031194
0.143150
11.373598
4.110498
1996.792236
19548.269531
71799.945312
147034.312500
185259.093750
147034.312500
71799.945312
19548.269531
1996.792236
4.110498
11.373598
0.143150
0.181851
2.151833
74.980057
1996.792236
35174.855469
188242.609375
550067.062500
1011855.750000
1234107.125000
1011855.750000
550067.062500
188242.609375
35174.855469
1996.792236
74.980057
2.151833
0.181851
0.858630
53.266792
190.140305
6.065117
19548.265625
188242.609375
826104.937500
2181074.750000
3808713.000000
4570405.500000
3808713.000000
2181074.750000
826104.937500
188242.609375
19548.265625
6.065117
190.140305
53.266792
0.858630
0.168767
1.703652
181.048782
290.476135
2069.758545
71799.945312
550067.062500
2181074.750000
5446054.500000
9235354.000000
10980450.000000
9235354.000000
5446054.500000
2181074.750000
550067.062500
71799.945312
2069.758545
290.476135
181.048782
1.703652
0.168767
0.531337
1.950757
331.655243
370.566772
6576.795410
147034.312500
1011855.625000
3808713.000000
9235356.000000
15419746.000000
18243846.000000
15419746.000000
9235356.000000
3808713.000000
1011855.625000
147034.312500
6576.795410
370.566772
331.655243
1.950757
0.531337
0.715301
1.868776
399.778290
419.610992
9262.118164
185259.093750
1234107.000000
4570405.500000
10980451.000000
18243846.000000
21551920.000000
18243846.000000
10980451.000000
4570405.500000
1234107.000000
185259.093750
9262.118164
419.610992
399.778290
1.868776
0.715301
0.531337
1.950757
331.655243
370.566772
6576.795410
147034.312500
1011855.625000
3808713.000000
9235356.000000
15419746.000000
18243846.000000
15419746.000000
9235356.000000
3808713.000000
1011855.625000
147034.312500
6576.795410
370.566772
331.655243
1.950757
0.531337
0.168767
1.703652
181.048782
290.476135
2069.758545
71799.945312
550067.062500
2181074.750000
5446054.500000
9235354.000000
10980450.000000
9235354.000000
5446054.500000
2181074.750000
550067.062500
71799.945312
2069.758545
290.476135
181.048782
1.703652
0.168767
0.858630
53.266792
190.140305
6.065117
19548.265625
188242.609375
826104.937500
2181074.750000
3808713.000000
4570405.500000
3808713.000000
2181074.750000
826104.937500
188242.609375
19548.265625
6.065117
190.140305
53.266792
0.858630
0.181851
2.151833
74.980057
1996.792236
35174.855469
188242.609375
550067.062500
1011855.750000
1234107.125000
1011855.750000
550067.062500
188242.609375
35174.855469
1996.792236
74.980057
2.151833
0.181851
0.143150
11.373598
4.110498
1996.792236
19548.269531
71799.945312
147034.312500
185259.093750
147034.312500
71799.945312
19548.269531
1996.792236
4.110498
11.373598
0.143150
7.031194
4.110483
6.065414
2069.759033
6576.797363
9262.119141
6576.797363
2069.759033
6.065414
4.110483
7.031194
11.373599
74.980042
190.140167
290.475861
370.566650
419.611084
370.566650
290.475861
190.140167
74.980042
11.373599
2.151837
53.266785
181.048737
331.655121
399.778168
331.655121
181.048737
53.266785
2.151837
0.143150
0.143150
0.181851
0.858630
1.703651
1.950756
1.868775
1.950756
1.703651
0.858630
0.181851
0.168767
0.531337
0.715301
0.531337
0.168767
0.104721
0.297091
0.858630
1.347650
1.504908
1.347650
0.858630
0.297091
0.197786
0.197786
8.577642
53.266788
115.551590
145.260193
115.551590
53.266788
8.577642
1.801183
28.673147
102.073784
190.140167
247.610794
270.065887
247.610794
190.140167
102.073784
28.673147
1.801183
1.313453
10.037253
6.065430
815.658875
1405.326660
815.658875
6.065430
10.037253
1.313453
1.801183
10.037258
122.532661
4269.460938
19548.267578
43876.054688
56790.984375
43876.054688
19548.267578
4269.460938
122.532661
10.037258
1.801183
0.197786
28.673147
122.532707
8864.980469
58473.695312
188242.609375
363390.750000
449876.250000
363390.750000
188242.609375
58473.695312
8864.980469
122.532707
28.673147
0.197786
0.297091
8.577641
102.073822
4269.460938
58473.695312
292248.500000
826105.000000
1494469.000000
1813309.750000
1494469.000000
826105.000000
292248.500000
58473.695312
4269.460938
102.073822
8.577641
0.297091
0.858630
53.266800
190.140289
6.065163
19548.269531
188242.609375
826104.937500
2181074.750000
3808713.250000
4570406.000000
3808713.250000
2181074.750000
826104.937500
188242.609375
19548.269531
6.065163
190.140289
53.266800
0.858630
1.347650
115.551559
247.610947
815.658020
43876.042969
363390.718750
1494469.000000
3808713.500000
6529108.000000
7789423.500000
6529108.000000
3808713.500000
1494469.000000
363390.718750
43876.042969
815.658020
247.610947
115.551559
1.347650
0.104721
1.504908
145.260178
270.066040
1405.325195
56790.972656
449876.187500
1813309.750000
4570406.500000
7789422.000000
9276037.000000
7789422.000000
4570406.500000
1813309.750000
449876.187500
56790.972656
1405.325195
270.066040
145.260178
1.504908
0.104721
1.347650
115.551559
247.610947
815.658020
43876.042969
363390.718750
1494469.000000
3808713.500000
6529108.000000
7789423.500000
6529108.000000
3808713.500000
1494469.000000
363390.718750
43876.042969
815.658020
247.610947
115.551559
1.347650
0.858630
53.266800
190.140289
6.065163
19548.269531
188242.609375
826104.937500
2181074.750000
3808713.250000
4570406.000000
3808713.250000
2181074.750000
826104.937500
188242.609375
19548.269531
6.065163
190.140289
53.266800
0.858630
0.297091
8.577641
102.073822
4269.460938
58473.695312
292248.500000
826105.000000
1494469.000000
1813309.750000
1494469.000000
826105.000000
292248.500000
58473.695312
4269.460938
102.073822
8.577641
0.297091
0.197786
28.673147
122.532707
8864.980469
58473.695312
188242.609375
363390.750000
449876.250000
363390.750000
188242.609375
58473.695312
8864.980469
122.532707
28.673147
0.197786
1.801183
10.037258
122.532661
4269.460938
19548.267578
43876.054688
56790.984375
43876.054688
19548.267578
4269.460938
122.532661
10.037258
1.801183
1.313453
10.037253
6.065430
815.658875
1405.326660
815.658875
6.065430
10.037253
1.313453
1.801183
28.673147
102.073784
190.140167
247.610794
270.065887
247.610794
190.140167
102.073784
28.673147
1.801183
8.577642
53.266788
115.551590
145.260193
115.551590
53.266788
8.577642
0.197786
0.197786
0.297091
0.858630
1.347650
1.504908
1.347650
0.858630
0.297091
0.104721
0.181851
0.395253
0.489039
0.395253
0.181851
0.197786
0.197786
2.151836
14.432602
21.222555
14.432602
2.151836
4.179583
28.673151
74.980049
116.272415
132.038498
116.272415
74.980049
28.673151
4.179583
3.076808
9.265452
9.265452
3.076808
3.076808
122.532631
1996.792480
5889.649414
8186.749023
5889.649414
1996.792480
122.532631
3.076808
4.179583
9.265454
725.992920
8864.980469
35174.855469
74796.507812
95347.156250
74796.507812
35174.855469
8864.980469
725.992920
9.265454
4.179583
0.197786
28.673153
122.532669
8864.981445
58473.695312
188242.609375
363390.750000
449876.281250
363390.750000
188242.609375
58473.695312
8864.981445
122.532669
28.673153
0.197786
0.181851
2.151830
74.980064
1996.791992
35174.851562
188242.578125
550067.062500
1011855.875000
1234107.250000
1011855.875000
550067.062500
188242.578125
35174.851562
1996.791992
74.980064
2.151830
0.181851
0.395252
14.432590
116.272461
5889.645996
74796.492188
363390.718750
1011855.875000
1816226.500000
2198300.250000
1816226.500000
1011855.875000
363390.718750
74796.492188
5889.645996
116.272461
14.432590
0.395252
0.489039
21.222542
132.038574
8186.746582
95347.140625
449876.250000
1234107.000000
2198299.500000
2654419.000000
2198299.500000
1234107.000000
449876.250000
95347.140625
8186.746582
132.038574
21.222542
0.489039
0.395252
14.432590
116.272461
5889.645996
74796.492188
363390.718750
1011855.875000
1816226.500000
2198300.250000
1816226.500000
1011855.875000
363390.718750
74796.492188
5889.645996
116.272461
14.432590
0.395252
0.181851
2.151830
74.980064
1996.791992
35174.851562
188242.578125
550067.062500
1011855.875000
1234107.250000
1011855.875000
550067.062500
188242.578125
35174.851562
1996.791992
74.980064
2.151830
0.181851
0.197786
28.673153
122.532669
8864.981445
58473.695312
188242.609375
363390.750000
449876.281250
363390.750000
188242.609375
58473.695312
8864.981445
122.532669
28.673153
0.197786
4.179583
9.265454
725.992920
8864.980469
35174.855469
74796.507812
95347.156250
74796.507812
35174.855469
8864.980469
725.992920
9.265454
4.179583
3.076808
122.532631
1996.792480
5889.649414
8186.749023
5889.649414
1996.792480
122.532631
3.076808
3.076808
9.265452
9.265452
3.076808
4.179583
28.673151
74.980049
116.272415
132.038498
116.272415
74.980049
28.673151
4.179583
2.151836
14.432602
21.222555
14.432602
2.151836
0.197786
0.197786
0.181851
0.395253
0.489039
0.395253
0.181851
0.143150
0.227817
0.244302
0.227817
0.143150
1.801184
11.373600
24.575336
30.456404
24.575336
11.373600
1.801184
3.076809
10.037251
4.110474
4.110474
10.037251
3.076809
2.248938
2.248938
3.076809
122.532791
1996.792725
5889.649414
8186.750488
5889.649414
1996.792725
122.532791
3.076809
1.801184
10.037260
122.532700
4269.460938
19548.267578
43876.054688
56790.988281
43876.054688
19548.267578
4269.460938
122.532700
10.037260
1.801184
0.143150
11.373598
4.110514
1996.791748
19548.267578
71799.945312
147034.328125
185259.078125
147034.328125
71799.945312
19548.267578
1996.791748
4.110514
11.373598
0.143150
0.227817
24.575333
5889.646484
43876.050781
147034.312500
288776.218750
359304.968750
288776.218750
147034.312500
43876.050781
5889.646484
24.575333
0.227817
0.244302
30.456406
8186.750000
56790.984375
185259.109375
359305.000000
445362.250000
359305.000000
185259.109375
56790.984375
8186.750000
30.456406
0.244302
0.227817
24.575333
5889.646484
43876.050781
147034.312500
288776.218750
359304.968750
288776.218750
147034.312500
43876.050781
5889.646484
24.575333
0.227817
0.143150
11.373598
4.110514
1996.791748
19548.267578
71799.945312
147034.328125
185259.078125
147034.328125
71799.945312
19548.267578
1996.791748
4.110514
11.373598
0.143150
1.801184
10.037260
122.532700
4269.460938
19548.267578
43876.054688
56790.988281
43876.054688
19548.267578
4269.460938
122.532700
10.037260
1.801184
3.076809
122.532791
1996.792725
5889.649414
8186.750488
5889.649414
1996.792725
122.532791
3.076809
2.248938
2.248938
3.076809
10.037251
4.110474
4.110474
10.037251
3.076809
1.801184
11.373600
24.575336
30.456404
24.575336
11.373600
1.801184
0.143150
0.227817
0.244302
0.227817
0.143150
0.124971
0.124267
0.124971
0.255123
1.313454
7.031195
13.104752
15.101831
13.104752
7.031195
1.313454
3.076808
10.037251
4.110487
4.110487
10.037251
3.076808
3.076808
9.265444
9.265444
3.076808
1.313453
10.037251
6.065796
815.659790
1405.327881
815.659790
6.065796
10.037251
1.313453
7.031193
4.110497
6.065948
2069.761230
6576.799316
9262.122070
6576.799316
2069.761230
6.065948
4.110497
7.031193
0.124971
13.104748
815.660339
6576.802246
17148.480469
23072.673828
17148.480469
6576.802246
815.660339
13.104748
0.124971
0.124267
0.255122
15.101832
1405.327515
9262.125000
23072.675781
30686.097656
23072.675781
9262.125000
1405.327515
15.101832
0.255122
0.124267
0.124971
13.104748
815.660339
6576.802246
17148.480469
23072.673828
17148.480469
6576.802246
815.660339
13.104748
0.124971
7.031193
4.110497
6.065948
2069.761230
6576.799316
9262.122070
6576.799316
2069.761230
6.065948
4.110497
7.031193
1.313453
10.037251
6.065796
815.659790
1405.327881
815.659790
6.065796
10.037251
1.313453
3.076808
9.265444
9.265444
3.076808
3.076808
10.037251
4.110487
4.110487
10.037251
3.076808
1.313454
7.031195
13.104752
15.101831
13.104752
7.031195
1.313454
0.255123
0.124971
0.124267
0.124971
0.149098
0.165298
0.149098
0.255122
1.801183
11.373596
24.575336
30.456406
24.575336
11.373596
1.801183
4.179581
28.673143
74.980042
116.272415
132.038528
116.272415
74.980042
28.673143
4.179581
1.801182
28.673141
102.073807
190.140320
247.611008
270.066284
247.611008
190.140320
102.073807
28.673141
1.801182
11.373595
74.980064
190.140259
290.476288
370.567596
419.612396
370.567596
290.476288
190.140259
74.980064
11.373595
0.149098
24.575333
116.272461
247.610992
370.567352
552.073486
680.032654
552.073486
370.567352
247.610992
116.272461
24.575333
0.149098
0.165298
0.255120
30.456396
132.038559
270.066132
419.611816
680.032227
861.820801
680.032227
419.611816
270.066132
132.038559
30.456396
0.255120
0.165298
0.149098
24.575333
116.272461
247.610992
370.567352
552.073486
680.032654
552.073486
370.567352
247.610992
116.272461
24.575333
0.149098
11.373595
74.980064
190.140259
290.476288
370.567596
419.612396
370.567596
290.476288
190.140259
74.980064
11.373595
1.801182
28.673141
102.073807
190.140320
247.611008
270.066284
247.611008
190.140320
102.073807
28.673141
1.801182
4.179581
28.673143
74.980042
116.272415
132.038528
116.272415
74.980042
28.673143
4.179581
1.801183
11.373596
24.575336
30.456406
24.575336
11.373596
1.801183
0.255122
0.149098
0.165298
0.149098
0.149098
0.165298
0.149098
2.151831
14.432601
21.222553
14.432601
2.151831
8.577640
53.266785
115.551575
145.260193
115.551575
53.266785
8.577640
2.151830
53.266792
181.048767
331.655243
399.778259
331.655243
181.048767
53.266792
2.151830
0.149098
14.432595
115.551590
331.655273
569.715088
675.058838
569.715088
331.655273
115.551590
14.432595
0.149098
0.165298
21.222553
145.260208
399.778351
675.058960
796.220032
675.058960
399.778351
145.260208
21.222553
0.165298
0.149098
14.432595
115.551590
331.655273
569.715088
675.058838
569.715088
331.655273
115.551590
14.432595
0.149098
2.151830
53.266792
181.048767
331.655243
399.778259
331.655243
181.048767
53.266792
2.151830
8.577640
53.266785
115.551575
145.260193
115.551575
53.266785
8.577640
2.151831
14.432601
21.222553
14.432601
2.151831
0.149098
0.165298
0.149098
0.124971
0.124267
0.124971
0.124971
0.124971
0.124267
0.124267
0.124971
0.124971
0.124971
0.124267
0.124971
0.143150
0.227817
0.244301
0.227817
0.143150
0.197786
0.197786
0.197786
0.197786
0.143150
0.143150
0.227817
0.227817
0.244301
0.244301
0.227817
0.227817
0.143150
0.143150
0.197786
0.197786
0.197786
0.197786
0.143150
0.227817
0.244301
0.227817
0.143150
0.181851
0.395252
0.489039
0.395252
0.181851
0.297091
0.858630
1.347650
1.504907
1.347650
0.858630
0.297091
0.181851
0.858630
1.703651
1.950756
1.868776
1.950756
1.703651
0.858630
0.181851
0.395252
1.347650
1.950756
1.280918
0.648237
1.280918
1.950756
1.347650
0.395252
0.489039
1.504907
1.868775
0.648238
0.648238
1.868775
1.504907
0.489039
0.395252
1.347650
1.950756
1.280918
0.648237
1.280918
1.950756
1.347650
0.395252
0.181851
0.858630
1.703651
1.950756
1.868776
1.950756
1.703651
0.858630
0.181851
0.297091
0.858630
1.347650
1.504907
1.347650
0.858630
0.297091
0.181851
0.395252
0.489039
0.395252
0.181851
0.104721
0.168767
0.531337
0.715301
0.531337
0.168767
0.531337
1.227871
1.558443
1.227871
0.531337
0.104721
0.715301
1.558443
1.951114
1.558443
0.715301
0.104721
0.531337
1.227871
1.558443
1.227871
0.531337
0.168767
0.531337
0.715301
0.531337
0.168767
0.104721

------------------------------------------------------------
Sender: LSF System <lsfadmin@gpu64>
Subject: Job 224610: <./acc_rtm_kernel> Done

Job <./acc_rtm_kernel> was submitted from host <smc-login02> by user <xux> in cluster <smc>.
Job was executed on host(s) <gpu64>, in queue <gpu>, as user <xux> in cluster <smc>.
</home/xux> was used as the home directory.
</home/xux/scratch/cs280/hw2/openacc/build> was used as the working directory.
Started at Thu May  8 18:38:23 2014
Results reported at Thu May  8 18:38:44 2014

Your job looked like:

------------------------------------------------------------
# LSBATCH: User input
./acc_rtm_kernel
------------------------------------------------------------

Successfully completed.

Resource usage summary:

    CPU time   :     21.51 sec.
    Max Processes  :         1
    Max Threads    :         1

The output (if any) is above this job summary.



PS:

Read file <k20_acc.err> for stderr output of this job.

